#
# There is insufficient memory for the Java Runtime Environment to continue.
# Native memory allocation (malloc) failed to allocate 403216 bytes. Error detail: Chunk::new
# Possible reasons:
#   The system is out of physical RAM or swap space
#   This process is running with CompressedOops enabled, and the Java Heap may be blocking the growth of the native heap
# Possible solutions:
#   Reduce memory load on the system
#   Increase physical memory or swap space
#   Check if swap backing store is full
#   Decrease Java heap size (-Xmx/-Xms)
#   Decrease number of Java threads
#   Decrease Java thread stack sizes (-Xss)
#   Set larger code cache with -XX:ReservedCodeCacheSize=
#   JVM is running with Unscaled Compressed Oops mode in which the Java heap is
#     placed in the first 4GB address space. The Java Heap base address is the
#     maximum limit for the native heap growth. Please use -XX:HeapBaseMinAddress
#     to set the Java Heap base and to place the Java Heap above 4GB virtual address.
# This output file may be truncated or incomplete.
#
#  Out of Memory Error (arena.cpp:191), pid=8148, tid=3856
#
# JRE version: OpenJDK Runtime Environment Temurin-17.0.13+11 (17.0.13+11) (build 17.0.13+11)
# Java VM: OpenJDK 64-Bit Server VM Temurin-17.0.13+11 (17.0.13+11, mixed mode, tiered, compressed oops, compressed class ptrs, parallel gc, windows-amd64)
# No core dump will be written. Minidumps are not enabled by default on client versions of Windows
#

---------------  S U M M A R Y ------------

Command Line: --add-modules=ALL-SYSTEM --add-opens=java.base/java.util=ALL-UNNAMED --add-opens=java.base/java.lang=ALL-UNNAMED --add-opens=java.base/sun.nio.fs=ALL-UNNAMED -Declipse.application=org.eclipse.jdt.ls.core.id1 -Dosgi.bundles.defaultStartLevel=4 -Declipse.product=org.eclipse.jdt.ls.core.product -Djava.import.generatesMetadataFilesAtProjectRoot=false -DDetectVMInstallationsJob.disabled=true -Dfile.encoding=utf8 -XX:+UseParallelGC -XX:GCTimeRatio=4 -XX:AdaptiveSizePolicyWeight=90 -Dsun.zip.disableMemoryMapping=true -Xmx1G -Xms100m -Xlog:disable -javaagent:c:\Users\System Bilgisayar\.vscode\extensions\redhat.java-1.38.0-win32-x64\lombok\lombok-1.18.34.jar -XX:+HeapDumpOnOutOfMemoryError -XX:HeapDumpPath=c:\Users\System Bilgisayar\AppData\Roaming\Code\User\workspaceStorage\74dfa8858d0dc46146549bf1d9b92cb9\redhat.java -Daether.dependencyCollector.impl=bf c:\Users\System Bilgisayar\.vscode\extensions\redhat.java-1.38.0-win32-x64\server\plugins\org.eclipse.equinox.launcher_1.6.900.v20240613-2009.jar -configuration c:\Users\System Bilgisayar\AppData\Roaming\Code\User\globalStorage\redhat.java\1.38.0\config_win -data c:\Users\System Bilgisayar\AppData\Roaming\Code\User\workspaceStorage\74dfa8858d0dc46146549bf1d9b92cb9\redhat.java\jdt_ws --pipe=\\.\pipe\lsp-e81890a6089ac730d0c445c13adc20d7-sock

Host: Intel(R) Core(TM) i5-7200U CPU @ 2.50GHz, 4 cores, 3G,  Windows 10 , 64 bit Build 19041 (10.0.19041.5198)
Time: Sat Jan 18 20:49:56 2025 Türkiye Standart Saati elapsed time: 733.558078 seconds (0d 0h 12m 13s)

---------------  T H R E A D  ---------------

Current thread (0x00000289c3df3cd0):  JavaThread "C2 CompilerThread0" daemon [_thread_in_native, id=3856, stack(0x000000ac35600000,0x000000ac35700000)]


Current CompileTask:
C2: 733559 9171       4       java.io.ObjectStreamClass::getClassDataLayout (20 bytes)

Stack: [0x000000ac35600000,0x000000ac35700000]
Native frames: (J=compiled Java code, j=interpreted, Vv=VM code, C=native code)
V  [jvm.dll+0x682a19]
V  [jvm.dll+0x839538]
V  [jvm.dll+0x83afe3]
V  [jvm.dll+0x83b653]
V  [jvm.dll+0x24704f]
V  [jvm.dll+0xace34]
V  [jvm.dll+0xad4cc]
V  [jvm.dll+0x36592f]
V  [jvm.dll+0x32fbd8]
V  [jvm.dll+0x32f05a]
V  [jvm.dll+0x21804f]
V  [jvm.dll+0x21748f]
V  [jvm.dll+0x1a3070]
V  [jvm.dll+0x22788c]
V  [jvm.dll+0x2259eb]
V  [jvm.dll+0x7eec98]
V  [jvm.dll+0x7e8ffc]
V  [jvm.dll+0x6818f7]
C  [ucrtbase.dll+0x21bb2]
C  [KERNEL32.DLL+0x17374]
C  [ntdll.dll+0x4cc91]


---------------  P R O C E S S  ---------------

Threads class SMR info:
_java_thread_list=0x00000289ccc6c6d0, length=41, elements={
0x00000289ae02d830, 0x00000289ae0d1960, 0x00000289c3dc1f30, 0x00000289c3dedba0,
0x00000289c3df0830, 0x00000289c3df14b0, 0x00000289c3df2fe0, 0x00000289c3df3cd0,
0x00000289c9032d20, 0x00000289c9036a00, 0x00000289ae091e00, 0x00000289c92ab360,
0x00000289c99b4c70, 0x00000289c9231040, 0x00000289c922e2b0, 0x00000289c922fc00,
0x00000289c9231a60, 0x00000289c922e7c0, 0x00000289c9230b30, 0x00000289c9231550,
0x00000289c9230110, 0x00000289c922f6f0, 0x00000289cb8e5a50, 0x00000289cb8e73a0,
0x00000289cb8e87e0, 0x00000289cb8ea130, 0x00000289cb8e9710, 0x00000289cb8ea640,
0x00000289cb8e5f60, 0x00000289cb8e9c20, 0x00000289cb8e5540, 0x00000289cb8e82d0,
0x00000289cb8e6980, 0x00000289cb8e6470, 0x00000289cb8e9200, 0x00000289cb8e8cf0,
0x00000289cb8eb060, 0x00000289c922ecd0, 0x00000289c922f1e0, 0x00000289c9230620,
0x00000289cb8eab50
}

Java Threads: ( => current thread )
  0x00000289ae02d830 JavaThread "main" [_thread_blocked, id=10384, stack(0x000000ac34d00000,0x000000ac34e00000)]
  0x00000289ae0d1960 JavaThread "Reference Handler" daemon [_thread_blocked, id=4824, stack(0x000000ac35000000,0x000000ac35100000)]
  0x00000289c3dc1f30 JavaThread "Finalizer" daemon [_thread_blocked, id=1308, stack(0x000000ac35100000,0x000000ac35200000)]
  0x00000289c3dedba0 JavaThread "Signal Dispatcher" daemon [_thread_blocked, id=11956, stack(0x000000ac35200000,0x000000ac35300000)]
  0x00000289c3df0830 JavaThread "Attach Listener" daemon [_thread_blocked, id=208, stack(0x000000ac35300000,0x000000ac35400000)]
  0x00000289c3df14b0 JavaThread "Service Thread" daemon [_thread_blocked, id=2600, stack(0x000000ac35400000,0x000000ac35500000)]
  0x00000289c3df2fe0 JavaThread "Monitor Deflation Thread" daemon [_thread_blocked, id=8792, stack(0x000000ac35500000,0x000000ac35600000)]
=>0x00000289c3df3cd0 JavaThread "C2 CompilerThread0" daemon [_thread_in_native, id=3856, stack(0x000000ac35600000,0x000000ac35700000)]
  0x00000289c9032d20 JavaThread "C1 CompilerThread0" daemon [_thread_blocked, id=7484, stack(0x000000ac35700000,0x000000ac35800000)]
  0x00000289c9036a00 JavaThread "Sweeper thread" daemon [_thread_blocked, id=1528, stack(0x000000ac35800000,0x000000ac35900000)]
  0x00000289ae091e00 JavaThread "Common-Cleaner" daemon [_thread_blocked, id=10172, stack(0x000000ac35900000,0x000000ac35a00000)]
  0x00000289c92ab360 JavaThread "Notification Thread" daemon [_thread_blocked, id=5896, stack(0x000000ac35a00000,0x000000ac35b00000)]
  0x00000289c99b4c70 JavaThread "Active Thread: Equinox Container: 6196cfde-2f35-42bc-a0c5-42b91871ae26" [_thread_blocked, id=8928, stack(0x000000ac36300000,0x000000ac36400000)]
  0x00000289c9231040 JavaThread "Framework Event Dispatcher: Equinox Container: 6196cfde-2f35-42bc-a0c5-42b91871ae26" daemon [_thread_blocked, id=10164, stack(0x000000ac36400000,0x000000ac36500000)]
  0x00000289c922e2b0 JavaThread "Start Level: Equinox Container: 6196cfde-2f35-42bc-a0c5-42b91871ae26" daemon [_thread_blocked, id=7132, stack(0x000000ac36500000,0x000000ac36600000)]
  0x00000289c922fc00 JavaThread "Refresh Thread: Equinox Container: 6196cfde-2f35-42bc-a0c5-42b91871ae26" daemon [_thread_blocked, id=10604, stack(0x000000ac35f00000,0x000000ac36000000)]
  0x00000289c9231a60 JavaThread "Bundle File Closer" daemon [_thread_blocked, id=13568, stack(0x000000ac36700000,0x000000ac36800000)]
  0x00000289c922e7c0 JavaThread "SCR Component Actor" daemon [_thread_blocked, id=11320, stack(0x000000ac36000000,0x000000ac36100000)]
  0x00000289c9230b30 JavaThread "Worker-JM" [_thread_blocked, id=11016, stack(0x000000ac36200000,0x000000ac36300000)]
  0x00000289c9231550 JavaThread "Worker-1: Compacting resource model" [_thread_blocked, id=13032, stack(0x000000ac36800000,0x000000ac36900000)]
  0x00000289c9230110 JavaThread "Java indexing" daemon [_thread_blocked, id=4600, stack(0x000000ac36a00000,0x000000ac36b00000)]
  0x00000289c922f6f0 JavaThread "Worker-3: Initialize Workspace" [_thread_blocked, id=1316, stack(0x000000ac36b00000,0x000000ac36c00000)]
  0x00000289cb8e5a50 JavaThread "Worker-4" [_thread_blocked, id=7756, stack(0x000000ac36c00000,0x000000ac36d00000)]
  0x00000289cb8e73a0 JavaThread "JNA Cleaner" daemon [_thread_blocked, id=5060, stack(0x000000ac36100000,0x000000ac36200000)]
  0x00000289cb8e87e0 JavaThread "Thread-2" daemon [_thread_in_native, id=9292, stack(0x000000ac36f00000,0x000000ac37000000)]
  0x00000289cb8ea130 JavaThread "Thread-3" daemon [_thread_in_native, id=13128, stack(0x000000ac37000000,0x000000ac37100000)]
  0x00000289cb8e9710 JavaThread "Thread-4" daemon [_thread_in_native, id=4324, stack(0x000000ac37100000,0x000000ac37200000)]
  0x00000289cb8ea640 JavaThread "Thread-5" daemon [_thread_in_native, id=12500, stack(0x000000ac37200000,0x000000ac37300000)]
  0x00000289cb8e5f60 JavaThread "Thread-6" daemon [_thread_in_native, id=576, stack(0x000000ac37300000,0x000000ac37400000)]
  0x00000289cb8e9c20 JavaThread "pool-2-thread-1" [_thread_blocked, id=13276, stack(0x000000ac37400000,0x000000ac37500000)]
  0x00000289cb8e5540 JavaThread "WorkspaceEventsHandler" [_thread_blocked, id=1204, stack(0x000000ac37500000,0x000000ac37600000)]
  0x00000289cb8e82d0 JavaThread "pool-1-thread-1" [_thread_blocked, id=9568, stack(0x000000ac37600000,0x000000ac37700000)]
  0x00000289cb8e6980 JavaThread "Timer-0" [_thread_blocked, id=11584, stack(0x000000ac37800000,0x000000ac37900000)]
  0x00000289cb8e6470 JavaThread "Timer-1" [_thread_blocked, id=9644, stack(0x000000ac36900000,0x000000ac36a00000)]
  0x00000289cb8e9200 JavaThread "Timer-2" [_thread_blocked, id=11220, stack(0x000000ac36d00000,0x000000ac36e00000)]
  0x00000289cb8e8cf0 JavaThread "Timer-3" [_thread_blocked, id=5632, stack(0x000000ac36e00000,0x000000ac36f00000)]
  0x00000289cb8eb060 JavaThread "Timer-4" [_thread_blocked, id=500, stack(0x000000ac37a00000,0x000000ac37b00000)]
  0x00000289c922ecd0 JavaThread "Timer-5" [_thread_blocked, id=712, stack(0x000000ac34b00000,0x000000ac34c00000)]
  0x00000289c922f1e0 JavaThread "Worker-5" [_thread_blocked, id=3684, stack(0x000000ac34c00000,0x000000ac34d00000)]
  0x00000289c9230620 JavaThread "Timer-6" [_thread_blocked, id=14128, stack(0x000000ac36600000,0x000000ac36700000)]
  0x00000289cb8eab50 JavaThread "Connection worker" [_thread_in_vm, id=480, stack(0x000000ac37900000,0x000000ac37a00000)]

Other Threads:
  0x00000289c3dac250 VMThread "VM Thread" [stack: 0x000000ac34f00000,0x000000ac35000000] [id=8020]
  0x00000289c93ee420 WatcherThread [stack: 0x000000ac35b00000,0x000000ac35c00000] [id=12892]
  0x00000289ae045ef0 GCTaskThread "GC Thread#0" [stack: 0x000000ac34e00000,0x000000ac34f00000] [id=4856]
  0x00000289c9bb6010 GCTaskThread "GC Thread#1" [stack: 0x000000ac35c00000,0x000000ac35d00000] [id=5556]
  0x00000289c9bb62d0 GCTaskThread "GC Thread#2" [stack: 0x000000ac35d00000,0x000000ac35e00000] [id=6156]
  0x00000289c9bb6590 GCTaskThread "GC Thread#3" [stack: 0x000000ac35e00000,0x000000ac35f00000] [id=1560]

Threads with active compile tasks:
C2 CompilerThread0   733650 9171       4       java.io.ObjectStreamClass::getClassDataLayout (20 bytes)

VM state: not at safepoint (normal execution)

VM Mutex/Monitor currently owned by a thread: None

Heap address: 0x00000000c0000000, size: 1024 MB, Compressed Oops mode: 32-bit

CDS archive(s) not mapped
Compressed class space mapped at: 0x0000000100000000-0x0000000140000000, reserved size: 1073741824
Narrow klass base: 0x0000000000000000, Narrow klass shift: 3, Narrow klass range: 0x140000000

GC Precious Log:
 CPUs: 4 total, 4 available
 Memory: 3345M
 Large Page Support: Disabled
 NUMA Support: Disabled
 Compressed Oops: Enabled (32-bit)
 Alignments: Space 512K, Generation 512K, Heap 2M
 Heap Min Capacity: 100M
 Heap Initial Capacity: 100M
 Heap Max Capacity: 1G
 Pre-touch: Disabled
 Parallel Workers: 4

Heap:
 PSYoungGen      total 19968K, used 12084K [0x00000000eab00000, 0x00000000ebf80000, 0x0000000100000000)
  eden space 19456K, 61% used [0x00000000eab00000,0x00000000eb6ad048,0x00000000ebe00000)
  from space 512K, 25% used [0x00000000ebe80000,0x00000000ebea0000,0x00000000ebf00000)
  to   space 512K, 0% used [0x00000000ebf00000,0x00000000ebf00000,0x00000000ebf80000)
 ParOldGen       total 68608K, used 44782K [0x00000000c0000000, 0x00000000c4300000, 0x00000000eab00000)
  object space 68608K, 65% used [0x00000000c0000000,0x00000000c2bbba68,0x00000000c4300000)
 Metaspace       used 74221K, committed 75264K, reserved 1179648K
  class space    used 9021K, committed 9472K, reserved 1048576K

Card table byte_map: [0x00000289c16b0000,0x00000289c18c0000] _byte_map_base: 0x00000289c10b0000

Marking Bits: (ParMarkBitMap*) 0x00007ffe2c126940
 Begin Bits: [0x00000289c1a20000, 0x00000289c2a20000)
 End Bits:   [0x00000289c2a20000, 0x00000289c3a20000)

Polling page: 0x00000289ae0f0000

Metaspace:

Usage:
  Non-class:     63.67 MB used.
      Class:      8.81 MB used.
       Both:     72.48 MB used.

Virtual space:
  Non-class space:      128.00 MB reserved,      64.25 MB ( 50%) committed,  2 nodes.
      Class space:        1.00 GB reserved,       9.25 MB ( <1%) committed,  1 nodes.
             Both:        1.12 GB reserved,      73.50 MB (  6%) committed. 

Chunk freelists:
   Non-Class:  15.54 MB
       Class:  6.59 MB
        Both:  22.13 MB

MaxMetaspaceSize: unlimited
CompressedClassSpaceSize: 1.00 GB
Initial GC threshold: 21.00 MB
Current GC threshold: 97.31 MB
CDS: off
MetaspaceReclaimPolicy: balanced
 - commit_granule_bytes: 65536.
 - commit_granule_words: 8192.
 - virtual_space_node_default_size: 8388608.
 - enlarge_chunks_in_place: 1.
 - new_chunks_are_fully_committed: 0.
 - uncommit_free_chunks: 1.
 - use_allocation_guard: 0.
 - handle_deallocations: 1.


Internal statistics:

num_allocs_failed_limit: 9.
num_arena_births: 748.
num_arena_deaths: 14.
num_vsnodes_births: 3.
num_vsnodes_deaths: 0.
num_space_committed: 1176.
num_space_uncommitted: 0.
num_chunks_returned_to_freelist: 23.
num_chunks_taken_from_freelist: 3378.
num_chunk_merges: 13.
num_chunk_splits: 2228.
num_chunks_enlarged: 1481.
num_inconsistent_stats: 0.

CodeHeap 'non-profiled nmethods': size=120000Kb used=5482Kb max_used=5482Kb free=114517Kb
 bounds [0x00000289b9fa0000, 0x00000289ba500000, 0x00000289c14d0000]
CodeHeap 'profiled nmethods': size=120000Kb used=14776Kb max_used=14948Kb free=105223Kb
 bounds [0x00000289b24d0000, 0x00000289b3390000, 0x00000289b9a00000]
CodeHeap 'non-nmethods': size=5760Kb used=1361Kb max_used=1445Kb free=4398Kb
 bounds [0x00000289b9a00000, 0x00000289b9c70000, 0x00000289b9fa0000]
 total_blobs=8314 nmethods=7609 adapters=619
 compilation: enabled
              stopped_count=0, restarted_count=0
 full_count=0

Compilation events (20 events):
Event: 733.374 Thread 0x00000289c9032d20 nmethod 9167 0x00000289b31cd710 code [0x00000289b31cd8a0, 0x00000289b31cda58]
Event: 733.374 Thread 0x00000289c9032d20 9170   !   3       java.io.ObjectInputStream::readSerialData (549 bytes)
Event: 733.375 Thread 0x00000289c3df3cd0 9171       4       java.io.ObjectStreamClass::getClassDataLayout (20 bytes)
Event: 733.385 Thread 0x00000289c9032d20 nmethod 9170 0x00000289b31af710 code [0x00000289b31afc20, 0x00000289b31b2918]
Event: 733.385 Thread 0x00000289c9032d20 9175       3       java.net.URLStreamHandler::parseURL (1201 bytes)
Event: 733.435 Thread 0x00000289c9032d20 nmethod 9175 0x00000289b3378a10 code [0x00000289b3379b40, 0x00000289b3384068]
Event: 733.435 Thread 0x00000289c9032d20 9172       3       java.io.ObjectStreamClass::getField (84 bytes)
Event: 733.436 Thread 0x00000289c9032d20 nmethod 9172 0x00000289b31ae790 code [0x00000289b31aea00, 0x00000289b31af358]
Event: 733.436 Thread 0x00000289c9032d20 9168       3       java.io.SerialCallbackContext::setUsed (6 bytes)
Event: 733.436 Thread 0x00000289c9032d20 nmethod 9168 0x00000289b31cd390 code [0x00000289b31cd520, 0x00000289b31cd638]
Event: 733.436 Thread 0x00000289c9032d20 9169       3       java.io.ObjectInputStream$FieldValues::getFieldOffset (72 bytes)
Event: 733.437 Thread 0x00000289c9032d20 nmethod 9169 0x00000289b2feb990 code [0x00000289b2febc60, 0x00000289b2fec858]
Event: 733.437 Thread 0x00000289c9032d20 9174       3       java.io.ObjectInputStream$FieldValues::get (67 bytes)
Event: 733.437 Thread 0x00000289c9032d20 nmethod 9174 0x00000289b2feaf90 code [0x00000289b2feb1a0, 0x00000289b2feb6b8]
Event: 733.437 Thread 0x00000289c9032d20 9177       1       java.net.UrlDeserializedState::getHashCode (5 bytes)
Event: 733.437 Thread 0x00000289c9032d20 nmethod 9177 0x00000289ba4fa210 code [0x00000289ba4fa3a0, 0x00000289ba4fa478]
Event: 733.437 Thread 0x00000289c9032d20 9178       1       java.net.URL::setSerializedHashCode (6 bytes)
Event: 733.437 Thread 0x00000289c9032d20 nmethod 9178 0x00000289ba4fa510 code [0x00000289ba4fa6a0, 0x00000289ba4fa778]
Event: 733.437 Thread 0x00000289c9032d20 9176       1       java.net.UrlDeserializedState::getProtocol (5 bytes)
Event: 733.437 Thread 0x00000289c9032d20 nmethod 9176 0x00000289ba4fa810 code [0x00000289ba4fa9a0, 0x00000289ba4faa78]

GC Heap History (20 events):
Event: 266.111 GC heap before
{Heap before GC invocations=55 (full 3):
 PSYoungGen      total 20480K, used 20464K [0x00000000eab00000, 0x00000000ec180000, 0x0000000100000000)
  eden space 19968K, 100% used [0x00000000eab00000,0x00000000ebe80000,0x00000000ebe80000)
  from space 512K, 96% used [0x00000000ebf80000,0x00000000ebffc280,0x00000000ec000000)
  to   space 1536K, 0% used [0x00000000ec000000,0x00000000ec000000,0x00000000ec180000)
 ParOldGen       total 68608K, used 43820K [0x00000000c0000000, 0x00000000c4300000, 0x00000000eab00000)
  object space 68608K, 63% used [0x00000000c0000000,0x00000000c2acb0d8,0x00000000c4300000)
 Metaspace       used 71836K, committed 72832K, reserved 1114112K
  class space    used 8731K, committed 9152K, reserved 1048576K
}
Event: 266.112 GC heap after
{Heap after GC invocations=55 (full 3):
 PSYoungGen      total 20992K, used 811K [0x00000000eab00000, 0x00000000ec100000, 0x0000000100000000)
  eden space 19968K, 0% used [0x00000000eab00000,0x00000000eab00000,0x00000000ebe80000)
  from space 1024K, 79% used [0x00000000ec000000,0x00000000ec0cafc0,0x00000000ec100000)
  to   space 1024K, 0% used [0x00000000ebf00000,0x00000000ebf00000,0x00000000ec000000)
 ParOldGen       total 68608K, used 43860K [0x00000000c0000000, 0x00000000c4300000, 0x00000000eab00000)
  object space 68608K, 63% used [0x00000000c0000000,0x00000000c2ad50d8,0x00000000c4300000)
 Metaspace       used 71836K, committed 72832K, reserved 1114112K
  class space    used 8731K, committed 9152K, reserved 1048576K
}
Event: 267.123 GC heap before
{Heap before GC invocations=56 (full 3):
 PSYoungGen      total 20992K, used 20779K [0x00000000eab00000, 0x00000000ec100000, 0x0000000100000000)
  eden space 19968K, 100% used [0x00000000eab00000,0x00000000ebe80000,0x00000000ebe80000)
  from space 1024K, 79% used [0x00000000ec000000,0x00000000ec0cafc0,0x00000000ec100000)
  to   space 1024K, 0% used [0x00000000ebf00000,0x00000000ebf00000,0x00000000ec000000)
 ParOldGen       total 68608K, used 43860K [0x00000000c0000000, 0x00000000c4300000, 0x00000000eab00000)
  object space 68608K, 63% used [0x00000000c0000000,0x00000000c2ad50d8,0x00000000c4300000)
 Metaspace       used 71836K, committed 72832K, reserved 1114112K
  class space    used 8731K, committed 9152K, reserved 1048576K
}
Event: 267.124 GC heap after
{Heap after GC invocations=56 (full 3):
 PSYoungGen      total 20480K, used 354K [0x00000000eab00000, 0x00000000ec080000, 0x0000000100000000)
  eden space 19968K, 0% used [0x00000000eab00000,0x00000000eab00000,0x00000000ebe80000)
  from space 512K, 69% used [0x00000000ebf00000,0x00000000ebf588c8,0x00000000ebf80000)
  to   space 1024K, 0% used [0x00000000ebf80000,0x00000000ebf80000,0x00000000ec080000)
 ParOldGen       total 68608K, used 43908K [0x00000000c0000000, 0x00000000c4300000, 0x00000000eab00000)
  object space 68608K, 63% used [0x00000000c0000000,0x00000000c2ae10e8,0x00000000c4300000)
 Metaspace       used 71836K, committed 72832K, reserved 1114112K
  class space    used 8731K, committed 9152K, reserved 1048576K
}
Event: 267.526 GC heap before
{Heap before GC invocations=57 (full 3):
 PSYoungGen      total 20480K, used 20322K [0x00000000eab00000, 0x00000000ec080000, 0x0000000100000000)
  eden space 19968K, 100% used [0x00000000eab00000,0x00000000ebe80000,0x00000000ebe80000)
  from space 512K, 69% used [0x00000000ebf00000,0x00000000ebf588c8,0x00000000ebf80000)
  to   space 1024K, 0% used [0x00000000ebf80000,0x00000000ebf80000,0x00000000ec080000)
 ParOldGen       total 68608K, used 43908K [0x00000000c0000000, 0x00000000c4300000, 0x00000000eab00000)
  object space 68608K, 63% used [0x00000000c0000000,0x00000000c2ae10e8,0x00000000c4300000)
 Metaspace       used 71836K, committed 72832K, reserved 1114112K
  class space    used 8731K, committed 9152K, reserved 1048576K
}
Event: 267.527 GC heap after
{Heap after GC invocations=57 (full 3):
 PSYoungGen      total 20480K, used 934K [0x00000000eab00000, 0x00000000ec180000, 0x0000000100000000)
  eden space 19456K, 0% used [0x00000000eab00000,0x00000000eab00000,0x00000000ebe00000)
  from space 1024K, 91% used [0x00000000ebf80000,0x00000000ec069bf8,0x00000000ec080000)
  to   space 1536K, 0% used [0x00000000ebe00000,0x00000000ebe00000,0x00000000ebf80000)
 ParOldGen       total 68608K, used 43966K [0x00000000c0000000, 0x00000000c4300000, 0x00000000eab00000)
  object space 68608K, 64% used [0x00000000c0000000,0x00000000c2aef950,0x00000000c4300000)
 Metaspace       used 71836K, committed 72832K, reserved 1114112K
  class space    used 8731K, committed 9152K, reserved 1048576K
}
Event: 268.022 GC heap before
{Heap before GC invocations=58 (full 3):
 PSYoungGen      total 20480K, used 20390K [0x00000000eab00000, 0x00000000ec180000, 0x0000000100000000)
  eden space 19456K, 100% used [0x00000000eab00000,0x00000000ebe00000,0x00000000ebe00000)
  from space 1024K, 91% used [0x00000000ebf80000,0x00000000ec069bf8,0x00000000ec080000)
  to   space 1536K, 0% used [0x00000000ebe00000,0x00000000ebe00000,0x00000000ebf80000)
 ParOldGen       total 68608K, used 43966K [0x00000000c0000000, 0x00000000c4300000, 0x00000000eab00000)
  object space 68608K, 64% used [0x00000000c0000000,0x00000000c2aef950,0x00000000c4300000)
 Metaspace       used 71836K, committed 72832K, reserved 1114112K
  class space    used 8731K, committed 9152K, reserved 1048576K
}
Event: 268.023 GC heap after
{Heap after GC invocations=58 (full 3):
 PSYoungGen      total 20480K, used 889K [0x00000000eab00000, 0x00000000ec000000, 0x0000000100000000)
  eden space 19456K, 0% used [0x00000000eab00000,0x00000000eab00000,0x00000000ebe00000)
  from space 1024K, 86% used [0x00000000ebe00000,0x00000000ebede7e8,0x00000000ebf00000)
  to   space 1024K, 0% used [0x00000000ebf00000,0x00000000ebf00000,0x00000000ec000000)
 ParOldGen       total 68608K, used 44006K [0x00000000c0000000, 0x00000000c4300000, 0x00000000eab00000)
  object space 68608K, 64% used [0x00000000c0000000,0x00000000c2af9960,0x00000000c4300000)
 Metaspace       used 71836K, committed 72832K, reserved 1114112K
  class space    used 8731K, committed 9152K, reserved 1048576K
}
Event: 268.635 GC heap before
{Heap before GC invocations=59 (full 3):
 PSYoungGen      total 20480K, used 20345K [0x00000000eab00000, 0x00000000ec000000, 0x0000000100000000)
  eden space 19456K, 100% used [0x00000000eab00000,0x00000000ebe00000,0x00000000ebe00000)
  from space 1024K, 86% used [0x00000000ebe00000,0x00000000ebede7e8,0x00000000ebf00000)
  to   space 1024K, 0% used [0x00000000ebf00000,0x00000000ebf00000,0x00000000ec000000)
 ParOldGen       total 68608K, used 44006K [0x00000000c0000000, 0x00000000c4300000, 0x00000000eab00000)
  object space 68608K, 64% used [0x00000000c0000000,0x00000000c2af9960,0x00000000c4300000)
 Metaspace       used 72235K, committed 73216K, reserved 1114112K
  class space    used 8802K, committed 9216K, reserved 1048576K
}
Event: 268.638 GC heap after
{Heap after GC invocations=59 (full 3):
 PSYoungGen      total 19968K, used 192K [0x00000000eab00000, 0x00000000ebf80000, 0x0000000100000000)
  eden space 19456K, 0% used [0x00000000eab00000,0x00000000eab00000,0x00000000ebe00000)
  from space 512K, 37% used [0x00000000ebf00000,0x00000000ebf30000,0x00000000ebf80000)
  to   space 512K, 0% used [0x00000000ebe80000,0x00000000ebe80000,0x00000000ebf00000)
 ParOldGen       total 68608K, used 44038K [0x00000000c0000000, 0x00000000c4300000, 0x00000000eab00000)
  object space 68608K, 64% used [0x00000000c0000000,0x00000000c2b01960,0x00000000c4300000)
 Metaspace       used 72235K, committed 73216K, reserved 1114112K
  class space    used 8802K, committed 9216K, reserved 1048576K
}
Event: 414.920 GC heap before
{Heap before GC invocations=60 (full 3):
 PSYoungGen      total 19968K, used 19648K [0x00000000eab00000, 0x00000000ebf80000, 0x0000000100000000)
  eden space 19456K, 100% used [0x00000000eab00000,0x00000000ebe00000,0x00000000ebe00000)
  from space 512K, 37% used [0x00000000ebf00000,0x00000000ebf30000,0x00000000ebf80000)
  to   space 512K, 0% used [0x00000000ebe80000,0x00000000ebe80000,0x00000000ebf00000)
 ParOldGen       total 68608K, used 44038K [0x00000000c0000000, 0x00000000c4300000, 0x00000000eab00000)
  object space 68608K, 64% used [0x00000000c0000000,0x00000000c2b01960,0x00000000c4300000)
 Metaspace       used 73438K, committed 74496K, reserved 1114112K
  class space    used 8946K, committed 9408K, reserved 1048576K
}
Event: 415.036 GC heap after
{Heap after GC invocations=60 (full 3):
 PSYoungGen      total 19968K, used 320K [0x00000000eab00000, 0x00000000ebf80000, 0x0000000100000000)
  eden space 19456K, 0% used [0x00000000eab00000,0x00000000eab00000,0x00000000ebe00000)
  from space 512K, 62% used [0x00000000ebe80000,0x00000000ebed0000,0x00000000ebf00000)
  to   space 512K, 0% used [0x00000000ebf00000,0x00000000ebf00000,0x00000000ebf80000)
 ParOldGen       total 68608K, used 44174K [0x00000000c0000000, 0x00000000c4300000, 0x00000000eab00000)
  object space 68608K, 64% used [0x00000000c0000000,0x00000000c2b23980,0x00000000c4300000)
 Metaspace       used 73438K, committed 74496K, reserved 1114112K
  class space    used 8946K, committed 9408K, reserved 1048576K
}
Event: 514.739 GC heap before
{Heap before GC invocations=61 (full 3):
 PSYoungGen      total 19968K, used 19776K [0x00000000eab00000, 0x00000000ebf80000, 0x0000000100000000)
  eden space 19456K, 100% used [0x00000000eab00000,0x00000000ebe00000,0x00000000ebe00000)
  from space 512K, 62% used [0x00000000ebe80000,0x00000000ebed0000,0x00000000ebf00000)
  to   space 512K, 0% used [0x00000000ebf00000,0x00000000ebf00000,0x00000000ebf80000)
 ParOldGen       total 68608K, used 44174K [0x00000000c0000000, 0x00000000c4300000, 0x00000000eab00000)
  object space 68608K, 64% used [0x00000000c0000000,0x00000000c2b23980,0x00000000c4300000)
 Metaspace       used 73897K, committed 74880K, reserved 1179648K
  class space    used 8989K, committed 9408K, reserved 1048576K
}
Event: 514.947 GC heap after
{Heap after GC invocations=61 (full 3):
 PSYoungGen      total 19968K, used 496K [0x00000000eab00000, 0x00000000ec000000, 0x0000000100000000)
  eden space 19456K, 0% used [0x00000000eab00000,0x00000000eab00000,0x00000000ebe00000)
  from space 512K, 96% used [0x00000000ebf00000,0x00000000ebf7c030,0x00000000ebf80000)
  to   space 1024K, 0% used [0x00000000ebe00000,0x00000000ebe00000,0x00000000ebf00000)
 ParOldGen       total 68608K, used 44402K [0x00000000c0000000, 0x00000000c4300000, 0x00000000eab00000)
  object space 68608K, 64% used [0x00000000c0000000,0x00000000c2b5c990,0x00000000c4300000)
 Metaspace       used 73897K, committed 74880K, reserved 1179648K
  class space    used 8989K, committed 9408K, reserved 1048576K
}
Event: 576.418 GC heap before
{Heap before GC invocations=62 (full 3):
 PSYoungGen      total 19968K, used 19952K [0x00000000eab00000, 0x00000000ec000000, 0x0000000100000000)
  eden space 19456K, 100% used [0x00000000eab00000,0x00000000ebe00000,0x00000000ebe00000)
  from space 512K, 96% used [0x00000000ebf00000,0x00000000ebf7c030,0x00000000ebf80000)
  to   space 1024K, 0% used [0x00000000ebe00000,0x00000000ebe00000,0x00000000ebf00000)
 ParOldGen       total 68608K, used 44402K [0x00000000c0000000, 0x00000000c4300000, 0x00000000eab00000)
  object space 68608K, 64% used [0x00000000c0000000,0x00000000c2b5c990,0x00000000c4300000)
 Metaspace       used 74106K, committed 75200K, reserved 1179648K
  class space    used 9012K, committed 9472K, reserved 1048576K
}
Event: 576.550 GC heap after
{Heap after GC invocations=62 (full 3):
 PSYoungGen      total 20480K, used 192K [0x00000000eab00000, 0x00000000ebf80000, 0x0000000100000000)
  eden space 19456K, 0% used [0x00000000eab00000,0x00000000eab00000,0x00000000ebe00000)
  from space 1024K, 18% used [0x00000000ebe00000,0x00000000ebe30000,0x00000000ebf00000)
  to   space 512K, 0% used [0x00000000ebf00000,0x00000000ebf00000,0x00000000ebf80000)
 ParOldGen       total 68608K, used 44654K [0x00000000c0000000, 0x00000000c4300000, 0x00000000eab00000)
  object space 68608K, 65% used [0x00000000c0000000,0x00000000c2b9ba68,0x00000000c4300000)
 Metaspace       used 74106K, committed 75200K, reserved 1179648K
  class space    used 9012K, committed 9472K, reserved 1048576K
}
Event: 577.772 GC heap before
{Heap before GC invocations=63 (full 3):
 PSYoungGen      total 20480K, used 19648K [0x00000000eab00000, 0x00000000ebf80000, 0x0000000100000000)
  eden space 19456K, 100% used [0x00000000eab00000,0x00000000ebe00000,0x00000000ebe00000)
  from space 1024K, 18% used [0x00000000ebe00000,0x00000000ebe30000,0x00000000ebf00000)
  to   space 512K, 0% used [0x00000000ebf00000,0x00000000ebf00000,0x00000000ebf80000)
 ParOldGen       total 68608K, used 44654K [0x00000000c0000000, 0x00000000c4300000, 0x00000000eab00000)
  object space 68608K, 65% used [0x00000000c0000000,0x00000000c2b9ba68,0x00000000c4300000)
 Metaspace       used 74111K, committed 75200K, reserved 1179648K
  class space    used 9012K, committed 9472K, reserved 1048576K
}
Event: 577.789 GC heap after
{Heap after GC invocations=63 (full 3):
 PSYoungGen      total 19968K, used 96K [0x00000000eab00000, 0x00000000ebf80000, 0x0000000100000000)
  eden space 19456K, 0% used [0x00000000eab00000,0x00000000eab00000,0x00000000ebe00000)
  from space 512K, 18% used [0x00000000ebf00000,0x00000000ebf18000,0x00000000ebf80000)
  to   space 512K, 0% used [0x00000000ebe80000,0x00000000ebe80000,0x00000000ebf00000)
 ParOldGen       total 68608K, used 44774K [0x00000000c0000000, 0x00000000c4300000, 0x00000000eab00000)
  object space 68608K, 65% used [0x00000000c0000000,0x00000000c2bb9a68,0x00000000c4300000)
 Metaspace       used 74111K, committed 75200K, reserved 1179648K
  class space    used 9012K, committed 9472K, reserved 1048576K
}
Event: 584.962 GC heap before
{Heap before GC invocations=64 (full 3):
 PSYoungGen      total 19968K, used 19552K [0x00000000eab00000, 0x00000000ebf80000, 0x0000000100000000)
  eden space 19456K, 100% used [0x00000000eab00000,0x00000000ebe00000,0x00000000ebe00000)
  from space 512K, 18% used [0x00000000ebf00000,0x00000000ebf18000,0x00000000ebf80000)
  to   space 512K, 0% used [0x00000000ebe80000,0x00000000ebe80000,0x00000000ebf00000)
 ParOldGen       total 68608K, used 44774K [0x00000000c0000000, 0x00000000c4300000, 0x00000000eab00000)
  object space 68608K, 65% used [0x00000000c0000000,0x00000000c2bb9a68,0x00000000c4300000)
 Metaspace       used 74115K, committed 75200K, reserved 1179648K
  class space    used 9012K, committed 9472K, reserved 1048576K
}
Event: 584.964 GC heap after
{Heap after GC invocations=64 (full 3):
 PSYoungGen      total 19968K, used 128K [0x00000000eab00000, 0x00000000ebf80000, 0x0000000100000000)
  eden space 19456K, 0% used [0x00000000eab00000,0x00000000eab00000,0x00000000ebe00000)
  from space 512K, 25% used [0x00000000ebe80000,0x00000000ebea0000,0x00000000ebf00000)
  to   space 512K, 0% used [0x00000000ebf00000,0x00000000ebf00000,0x00000000ebf80000)
 ParOldGen       total 68608K, used 44782K [0x00000000c0000000, 0x00000000c4300000, 0x00000000eab00000)
  object space 68608K, 65% used [0x00000000c0000000,0x00000000c2bbba68,0x00000000c4300000)
 Metaspace       used 74115K, committed 75200K, reserved 1179648K
  class space    used 9012K, committed 9472K, reserved 1048576K
}

Dll operation events (15 events):
Event: 0.016 Loaded shared library c:\Users\System Bilgisayar\.vscode\extensions\redhat.java-1.38.0-win32-x64\jre\17.0.13-win32-x86_64\bin\java.dll
Event: 0.777 Loaded shared library c:\Users\System Bilgisayar\.vscode\extensions\redhat.java-1.38.0-win32-x64\jre\17.0.13-win32-x86_64\bin\zip.dll
Event: 0.782 Loaded shared library C:\Users\System Bilgisayar\.vscode\extensions\redhat.java-1.38.0-win32-x64\jre\17.0.13-win32-x86_64\bin\instrument.dll
Event: 0.802 Loaded shared library C:\Users\System Bilgisayar\.vscode\extensions\redhat.java-1.38.0-win32-x64\jre\17.0.13-win32-x86_64\bin\net.dll
Event: 0.807 Loaded shared library C:\Users\System Bilgisayar\.vscode\extensions\redhat.java-1.38.0-win32-x64\jre\17.0.13-win32-x86_64\bin\nio.dll
Event: 0.826 Loaded shared library C:\Users\System Bilgisayar\.vscode\extensions\redhat.java-1.38.0-win32-x64\jre\17.0.13-win32-x86_64\bin\zip.dll
Event: 0.886 Loaded shared library C:\Users\System Bilgisayar\.vscode\extensions\redhat.java-1.38.0-win32-x64\jre\17.0.13-win32-x86_64\bin\jimage.dll
Event: 1.095 Loaded shared library c:\Users\System Bilgisayar\.vscode\extensions\redhat.java-1.38.0-win32-x64\jre\17.0.13-win32-x86_64\bin\verify.dll
Event: 14.464 Loaded shared library C:\Users\System Bilgisayar\AppData\Roaming\Code\User\globalStorage\redhat.java\1.38.0\config_win\org.eclipse.equinox.launcher\org.eclipse.equinox.launcher.win32.win32.x86_64_1.2.1100.v20240722-2106\eclipse_11904.dll
Event: 30.981 Loaded shared library C:\Users\System Bilgisayar\.vscode\extensions\redhat.java-1.38.0-win32-x64\jre\17.0.13-win32-x86_64\bin\management.dll
Event: 30.990 Loaded shared library C:\Users\System Bilgisayar\.vscode\extensions\redhat.java-1.38.0-win32-x64\jre\17.0.13-win32-x86_64\bin\management_ext.dll
Event: 37.505 Loaded shared library C:\Users\System Bilgisayar\AppData\Local\Temp\jna-407964582\jna1469872106573038613.dll
Event: 38.872 Loaded shared library C:\Users\System Bilgisayar\.vscode\extensions\redhat.java-1.38.0-win32-x64\jre\17.0.13-win32-x86_64\bin\sunmscapi.dll
Event: 40.084 Loaded shared library C:\Users\System Bilgisayar\.vscode\extensions\redhat.java-1.38.0-win32-x64\jre\17.0.13-win32-x86_64\bin\extnet.dll
Event: 219.664 Loaded shared library C:\Users\System Bilgisayar\.gradle\native\c067742578af261105cb4f569cf0c3c89f3d7b1fecec35dd04571415982c5e48\windows-amd64\native-platform.dll

Deoptimization events (20 events):
Event: 732.838 Thread 0x00000289cb8e7dc0 Uncommon trap: trap_request=0xffffff45 fr.pc=0x00000289ba28c698 relative=0x0000000000000318
Event: 732.838 Thread 0x00000289cb8e7dc0 Uncommon trap: reason=unstable_if action=reinterpret pc=0x00000289ba28c698 method=java.lang.StringCoding.implEncodeAsciiArray([CI[BII)I @ 23 c2
Event: 732.839 Thread 0x00000289cb8e7dc0 DEOPT PACKING pc=0x00000289ba28c698 sp=0x000000ac37bfe090
Event: 732.839 Thread 0x00000289cb8e7dc0 DEOPT UNPACKING pc=0x00000289b9a566a3 sp=0x000000ac37bfe010 mode 2
Event: 733.199 Thread 0x00000289cb8eab50 Uncommon trap: trap_request=0xffffff45 fr.pc=0x00000289ba4dd920 relative=0x00000000000003e0
Event: 733.199 Thread 0x00000289cb8eab50 Uncommon trap: reason=unstable_if action=reinterpret pc=0x00000289ba4dd920 method=java.io.ObjectStreamClass$FieldReflector.setPrimFieldValues(Ljava/lang/Object;[B)V @ 56 c2
Event: 733.199 Thread 0x00000289cb8eab50 DEOPT PACKING pc=0x00000289ba4dd920 sp=0x000000ac379fce90
Event: 733.200 Thread 0x00000289cb8eab50 DEOPT UNPACKING pc=0x00000289b9a566a3 sp=0x000000ac379fce38 mode 2
Event: 733.256 Thread 0x00000289cb8eab50 Uncommon trap: trap_request=0xffffffd6 fr.pc=0x00000289ba47db3c relative=0x00000000000004fc
Event: 733.256 Thread 0x00000289cb8eab50 Uncommon trap: reason=array_check action=maybe_recompile pc=0x00000289ba47db3c method=java.util.TimSort.binarySort([Ljava/lang/Object;IIILjava/util/Comparator;)V @ 193 c2
Event: 733.256 Thread 0x00000289cb8eab50 DEOPT PACKING pc=0x00000289ba47db3c sp=0x000000ac379fa140
Event: 733.256 Thread 0x00000289cb8eab50 DEOPT UNPACKING pc=0x00000289b9a566a3 sp=0x000000ac379fa0d8 mode 2
Event: 733.292 Thread 0x00000289cb8eab50 Uncommon trap: trap_request=0xffffffd6 fr.pc=0x00000289ba47da00 relative=0x00000000000003c0
Event: 733.292 Thread 0x00000289cb8eab50 Uncommon trap: reason=array_check action=maybe_recompile pc=0x00000289ba47da00 method=java.util.TimSort.binarySort([Ljava/lang/Object;IIILjava/util/Comparator;)V @ 215 c2
Event: 733.292 Thread 0x00000289cb8eab50 DEOPT PACKING pc=0x00000289ba47da00 sp=0x000000ac379fb410
Event: 733.292 Thread 0x00000289cb8eab50 DEOPT UNPACKING pc=0x00000289b9a566a3 sp=0x000000ac379fb3a8 mode 2
Event: 733.313 Thread 0x00000289cb8eab50 Uncommon trap: trap_request=0xffffff45 fr.pc=0x00000289ba4a6288 relative=0x0000000000000088
Event: 733.313 Thread 0x00000289cb8eab50 Uncommon trap: reason=unstable_if action=reinterpret pc=0x00000289ba4a6288 method=java.io.ObjectInputStream$HandleTable.lookupException(I)Ljava/lang/ClassNotFoundException; @ 2 c2
Event: 733.313 Thread 0x00000289cb8eab50 DEOPT PACKING pc=0x00000289ba4a6288 sp=0x000000ac379f9a70
Event: 733.313 Thread 0x00000289cb8eab50 DEOPT UNPACKING pc=0x00000289b9a566a3 sp=0x000000ac379f9a08 mode 2

Classes loaded (20 events):
Event: 294.162 Loading class jdk/internal/event/DeserializationEvent
Event: 294.162 Loading class jdk/internal/event/DeserializationEvent done
Event: 294.168 Loading class java/io/ObjectInputStream$FieldValues
Event: 294.168 Loading class java/io/ObjectInputStream$GetField
Event: 294.169 Loading class java/io/ObjectInputStream$GetField done
Event: 294.169 Loading class java/io/ObjectInputStream$FieldValues done
Event: 445.856 Loading class sun/misc/SharedSecrets
Event: 445.856 Loading class sun/misc/SharedSecrets done
Event: 445.859 Loading class java/lang/Throwable$WrappedPrintWriter
Event: 445.868 Loading class java/lang/Throwable$PrintStreamOrWriter
Event: 445.870 Loading class java/lang/Throwable$PrintStreamOrWriter done
Event: 445.871 Loading class java/lang/Throwable$WrappedPrintWriter done
Event: 449.435 Loading class java/security/DigestInputStream
Event: 449.438 Loading class java/security/DigestInputStream done
Event: 542.667 Loading class java/time/Ser
Event: 542.718 Loading class java/time/Ser done
Event: 584.800 Loading class jdk/internal/misc/ScopedMemoryAccess$Scope$Handle
Event: 584.830 Loading class jdk/internal/misc/ScopedMemoryAccess$Scope$Handle done
Event: 733.119 Loading class java/util/HashMap$UnsafeHolder
Event: 733.188 Loading class java/util/HashMap$UnsafeHolder done

Classes unloaded (7 events):
Event: 33.778 Thread 0x00000289c3dac250 Unloading class 0x0000000100260000 'java/lang/invoke/LambdaForm$MH+0x0000000100260000'
Event: 33.778 Thread 0x00000289c3dac250 Unloading class 0x000000010025fc00 'java/lang/invoke/LambdaForm$MH+0x000000010025fc00'
Event: 33.778 Thread 0x00000289c3dac250 Unloading class 0x000000010025f800 'java/lang/invoke/LambdaForm$MH+0x000000010025f800'
Event: 33.778 Thread 0x00000289c3dac250 Unloading class 0x000000010025f400 'java/lang/invoke/LambdaForm$MH+0x000000010025f400'
Event: 33.778 Thread 0x00000289c3dac250 Unloading class 0x000000010025f000 'java/lang/invoke/LambdaForm$BMH+0x000000010025f000'
Event: 33.778 Thread 0x00000289c3dac250 Unloading class 0x000000010025ec00 'java/lang/invoke/LambdaForm$DMH+0x000000010025ec00'
Event: 33.778 Thread 0x00000289c3dac250 Unloading class 0x000000010025c400 'java/lang/invoke/LambdaForm$DMH+0x000000010025c400'

Classes redefined (0 events):
No events

Internal exceptions (20 events):
Event: 503.312 Thread 0x00000289cb8eab50 Exception <a 'java/lang/NoSuchMethodError'{0x00000000ebb34ef0}: static Lorg/gradle/internal/build/event/types/DefaultProjectConfigurationDescriptor;.<clinit>()V> (0x00000000ebb34ef0) 
thrown [s\src\hotspot\share\prims\jni.cpp, line 1112]
Event: 542.600 Thread 0x00000289cb8eab50 Exception <a 'java/lang/NoSuchMethodError'{0x00000000ead02008}: static Lorg/gradle/internal/build/event/types/AbstractProjectConfigurationResult;.<clinit>()V> (0x00000000ead02008) 
thrown [s\src\hotspot\share\prims\jni.cpp, line 1112]
Event: 542.612 Thread 0x00000289cb8eab50 Exception <a 'java/lang/NoSuchMethodError'{0x00000000ead11320}: static Lorg/gradle/internal/build/event/types/DefaultProjectConfigurationSuccessResult;.<clinit>()V> (0x00000000ead11320) 
thrown [s\src\hotspot\share\prims\jni.cpp, line 1112]
Event: 542.636 Thread 0x00000289cb8eab50 Exception <a 'java/lang/NoSuchMethodError'{0x00000000ead2a5b0}: static Lorg/gradle/internal/build/event/types/DefaultPluginApplicationResult;.<clinit>()V> (0x00000000ead2a5b0) 
thrown [s\src\hotspot\share\prims\jni.cpp, line 1112]
Event: 542.665 Thread 0x00000289cb8eab50 Exception <a 'java/lang/NoSuchMethodError'{0x00000000ead52628}: static Lorg/gradle/internal/build/event/types/DefaultBinaryPluginIdentifier;.<clinit>()V> (0x00000000ead52628) 
thrown [s\src\hotspot\share\prims\jni.cpp, line 1112]
Event: 542.743 Thread 0x00000289cb8eab50 Exception <a 'java/lang/NoSuchMethodError'{0x00000000ead717c0}: static Lorg/gradle/internal/build/event/types/DefaultScriptPluginIdentifier;.<clinit>()V> (0x00000000ead717c0) 
thrown [s\src\hotspot\share\prims\jni.cpp, line 1112]
Event: 543.023 Thread 0x00000289cb8eab50 Exception <a 'java/lang/NoSuchMethodError'{0x00000000eadb96c8}: static Lorg/gradle/internal/build/event/types/DefaultFileDownloadDescriptor;.<clinit>()V> (0x00000000eadb96c8) 
thrown [s\src\hotspot\share\prims\jni.cpp, line 1112]
Event: 545.487 Thread 0x00000289cb8eab50 Exception <a 'java/lang/NoSuchMethodError'{0x00000000eadf8ec0}: static Lorg/gradle/internal/build/event/types/DefaultStatusEvent;.<clinit>()V> (0x00000000eadf8ec0) 
thrown [s\src\hotspot\share\prims\jni.cpp, line 1112]
Event: 545.515 Thread 0x00000289cb8eab50 Exception <a 'java/lang/NoSuchMethodError'{0x00000000eae16108}: static Lorg/gradle/internal/build/event/types/DefaultFileDownloadSuccessResult;.<clinit>()V> (0x00000000eae16108) 
thrown [s\src\hotspot\share\prims\jni.cpp, line 1112]
Event: 557.098 Thread 0x00000289cb8eab50 Exception <a 'java/lang/NoSuchMethodError'{0x00000000eafeda48}: static Lorg/gradle/internal/build/event/types/DefaultTaskStartedProgressEvent;.<clinit>()V> (0x00000000eafeda48) 
thrown [s\src\hotspot\share\prims\jni.cpp, line 1112]
Event: 557.125 Thread 0x00000289cb8eab50 Exception <a 'java/lang/NoSuchMethodError'{0x00000000eb007010}: static Lorg/gradle/internal/build/event/types/DefaultTaskDescriptor;.<clinit>()V> (0x00000000eb007010) 
thrown [s\src\hotspot\share\prims\jni.cpp, line 1112]
Event: 557.502 Thread 0x00000289cb8eab50 Exception <a 'java/lang/NoSuchMethodError'{0x00000000eb045608}: static Lorg/gradle/internal/build/event/types/DefaultTaskFinishedProgressEvent;.<clinit>()V> (0x00000000eb045608) 
thrown [s\src\hotspot\share\prims\jni.cpp, line 1112]
Event: 557.530 Thread 0x00000289cb8eab50 Exception <a 'java/lang/NoSuchMethodError'{0x00000000eb06ea50}: static Lorg/gradle/internal/build/event/types/AbstractTaskResult;.<clinit>()V> (0x00000000eb06ea50) 
thrown [s\src\hotspot\share\prims\jni.cpp, line 1112]
Event: 557.536 Thread 0x00000289cb8eab50 Exception <a 'java/lang/NoSuchMethodError'{0x00000000eb07d8d0}: static Lorg/gradle/internal/build/event/types/DefaultTaskSkippedResult;.<clinit>()V> (0x00000000eb07d8d0) 
thrown [s\src\hotspot\share\prims\jni.cpp, line 1112]
Event: 567.563 Thread 0x00000289cb8eab50 Implicit null exception at 0x00000289ba483900 to 0x00000289ba48cabc
Event: 732.117 Thread 0x00000289cb8eab50 Exception <a 'java/lang/NoSuchMethodError'{0x00000000eb35ca30}: static Lorg/gradle/internal/build/event/types/DefaultFailureResult;.<clinit>()V> (0x00000000eb35ca30) 
thrown [s\src\hotspot\share\prims\jni.cpp, line 1112]
Event: 732.467 Thread 0x00000289cb8eab50 Exception <a 'java/lang/NoSuchMethodError'{0x00000000eb4e9378}: static Lorg/gradle/internal/build/event/types/DefaultFailure;.<clinit>()V> (0x00000000eb4e9378) 
thrown [s\src\hotspot\share\prims\jni.cpp, line 1112]
Event: 732.556 Thread 0x00000289cb8eab50 Exception <a 'java/lang/NoSuchMethodError'{0x00000000eb516580}: static Lorg/gradle/internal/build/event/types/DefaultTaskFailureResult;.<clinit>()V> (0x00000000eb516580) 
thrown [s\src\hotspot\share\prims\jni.cpp, line 1112]
Event: 733.256 Thread 0x00000289cb8eab50 Exception <a 'java/lang/NoSuchMethodError'{0x00000000eb600e30}: static Lorg/gradle/internal/classloader/ClassLoaderSpec;.<clinit>()V> (0x00000000eb600e30) 
thrown [s\src\hotspot\share\prims\jni.cpp, line 1112]
Event: 733.291 Thread 0x00000289cb8eab50 Exception <a 'java/lang/NoSuchMethodError'{0x00000000eb61d3e0}: static Lorg/gradle/internal/classloader/VisitableURLClassLoader$Spec;.<clinit>()V> (0x00000000eb61d3e0) 
thrown [s\src\hotspot\share\prims\jni.cpp, line 1112]

VM Operations (20 events):
Event: 581.064 Executing VM operation: Cleanup
Event: 581.486 Executing VM operation: Cleanup done
Event: 582.500 Executing VM operation: Cleanup
Event: 582.651 Executing VM operation: Cleanup done
Event: 584.961 Executing VM operation: ParallelGCFailedAllocation
Event: 584.964 Executing VM operation: ParallelGCFailedAllocation done
Event: 585.965 Executing VM operation: Cleanup
Event: 585.965 Executing VM operation: Cleanup done
Event: 600.970 Executing VM operation: HandshakeAllThreads
Event: 600.970 Executing VM operation: HandshakeAllThreads done
Event: 661.178 Executing VM operation: HandshakeAllThreads
Event: 661.199 Executing VM operation: HandshakeAllThreads done
Event: 719.247 Executing VM operation: Cleanup
Event: 719.253 Executing VM operation: Cleanup done
Event: 721.256 Executing VM operation: HandshakeAllThreads
Event: 721.257 Executing VM operation: HandshakeAllThreads done
Event: 732.262 Executing VM operation: Cleanup
Event: 732.441 Executing VM operation: Cleanup done
Event: 733.441 Executing VM operation: Cleanup
Event: 733.500 Executing VM operation: Cleanup done

Memory protections (0 events):
No events

Nmethod flushes (20 events):
Event: 259.559 Thread 0x00000289c9036a00 flushing  nmethod 0x00000289b3270310
Event: 259.559 Thread 0x00000289c9036a00 flushing  nmethod 0x00000289b327dc10
Event: 259.559 Thread 0x00000289c9036a00 flushing  nmethod 0x00000289b3282810
Event: 259.559 Thread 0x00000289c9036a00 flushing  nmethod 0x00000289b328c310
Event: 259.559 Thread 0x00000289c9036a00 flushing  nmethod 0x00000289b328c690
Event: 259.559 Thread 0x00000289c9036a00 flushing  nmethod 0x00000289b328ce10
Event: 259.559 Thread 0x00000289c9036a00 flushing  nmethod 0x00000289b3290e10
Event: 259.559 Thread 0x00000289c9036a00 flushing  nmethod 0x00000289b32c9a90
Event: 259.559 Thread 0x00000289c9036a00 flushing  nmethod 0x00000289b32f0290
Event: 259.559 Thread 0x00000289c9036a00 flushing  nmethod 0x00000289b32f1390
Event: 259.559 Thread 0x00000289c9036a00 flushing  nmethod 0x00000289b32f1a90
Event: 259.559 Thread 0x00000289c9036a00 flushing  nmethod 0x00000289b32f9210
Event: 259.560 Thread 0x00000289c9036a00 flushing  nmethod 0x00000289b3331c10
Event: 259.560 Thread 0x00000289c9036a00 flushing  nmethod 0x00000289b3334190
Event: 259.560 Thread 0x00000289c9036a00 flushing  nmethod 0x00000289b3334590
Event: 259.560 Thread 0x00000289c9036a00 flushing  nmethod 0x00000289b3334910
Event: 259.560 Thread 0x00000289c9036a00 flushing  nmethod 0x00000289b3334c90
Event: 259.560 Thread 0x00000289c9036a00 flushing  nmethod 0x00000289b333fa10
Event: 584.772 Thread 0x00000289c9036a00 flushing  nmethod 0x00000289b2b9b810
Event: 585.272 Thread 0x00000289c9036a00 flushing  nmethod 0x00000289b332fe10

Events (20 events):
Event: 447.218 Thread 0x00000289cb8eab50 Thread added: 0x00000289cb8eb570
Event: 447.228 Thread 0x00000289cb8eb570 Thread added: 0x00000289cb8ec9b0
Event: 447.228 Thread 0x00000289cb8eb570 Thread added: 0x00000289cb8e6e90
Event: 447.229 Thread 0x00000289cb8ec9b0 Thread exited: 0x00000289cb8ec9b0
Event: 447.412 Thread 0x00000289c922f1e0 Thread added: 0x00000289cb8ebf90
Event: 447.638 Thread 0x00000289c922f1e0 Thread added: 0x00000289cb8ec4a0
Event: 447.639 Thread 0x00000289cb8ec4a0 Thread exited: 0x00000289cb8ec4a0
Event: 447.862 Thread 0x00000289c922f1e0 Thread added: 0x00000289cb8ec4a0
Event: 447.904 Thread 0x00000289cb8ec4a0 Thread exited: 0x00000289cb8ec4a0
Event: 448.705 Thread 0x00000289c922f1e0 Thread added: 0x00000289cb8ec4a0
Event: 448.707 Thread 0x00000289cb8ec4a0 Thread exited: 0x00000289cb8ec4a0
Event: 448.770 Thread 0x00000289c922f1e0 Thread added: 0x00000289cb8ec4a0
Event: 448.770 Thread 0x00000289cb8ec4a0 Thread exited: 0x00000289cb8ec4a0
Event: 452.961 Thread 0x00000289cb8e6e90 Thread exited: 0x00000289cb8e6e90
Event: 452.962 Thread 0x00000289cb8eb570 Thread exited: 0x00000289cb8eb570
Event: 453.187 Thread 0x00000289cb8eab50 Thread added: 0x00000289cb8eb570
Event: 453.187 Thread 0x00000289cb8eab50 Thread added: 0x00000289cb8ec4a0
Event: 453.188 Thread 0x00000289cb8eb570 Thread exited: 0x00000289cb8eb570
Event: 508.444 Thread 0x00000289cb8ebf90 Thread exited: 0x00000289cb8ebf90
Event: 513.213 Thread 0x00000289cb8ec4a0 Thread exited: 0x00000289cb8ec4a0


Dynamic libraries:
0x00007ff7f9870000 - 0x00007ff7f987e000 	c:\Users\System Bilgisayar\.vscode\extensions\redhat.java-1.38.0-win32-x64\jre\17.0.13-win32-x86_64\bin\java.exe
0x00007ffe8ae30000 - 0x00007ffe8b028000 	C:\WINDOWS\SYSTEM32\ntdll.dll
0x00007ffe8a200000 - 0x00007ffe8a2c2000 	C:\WINDOWS\System32\KERNEL32.DLL
0x00007ffe88b50000 - 0x00007ffe88e4e000 	C:\WINDOWS\System32\KERNELBASE.dll
0x00007ffe88a20000 - 0x00007ffe88b20000 	C:\WINDOWS\System32\ucrtbase.dll
0x00007ffe7ec00000 - 0x00007ffe7ec17000 	c:\Users\System Bilgisayar\.vscode\extensions\redhat.java-1.38.0-win32-x64\jre\17.0.13-win32-x86_64\bin\jli.dll
0x00007ffe89bb0000 - 0x00007ffe89d4d000 	C:\WINDOWS\System32\USER32.dll
0x00007ffe88b20000 - 0x00007ffe88b42000 	C:\WINDOWS\System32\win32u.dll
0x00007ffe89db0000 - 0x00007ffe89ddb000 	C:\WINDOWS\System32\GDI32.dll
0x00007ffe887a0000 - 0x00007ffe888b7000 	C:\WINDOWS\System32\gdi32full.dll
0x00007ffe88590000 - 0x00007ffe8862d000 	C:\WINDOWS\System32\msvcp_win.dll
0x00007ffe77680000 - 0x00007ffe7769e000 	c:\Users\System Bilgisayar\.vscode\extensions\redhat.java-1.38.0-win32-x64\jre\17.0.13-win32-x86_64\bin\VCRUNTIME140.dll
0x00007ffe6fd90000 - 0x00007ffe7002a000 	C:\WINDOWS\WinSxS\amd64_microsoft.windows.common-controls_6595b64144ccf1df_6.0.19041.4355_none_60b8b9eb71f62e16\COMCTL32.dll
0x00007ffe89090000 - 0x00007ffe8912e000 	C:\WINDOWS\System32\msvcrt.dll
0x00007ffe89ee0000 - 0x00007ffe89f0f000 	C:\WINDOWS\System32\IMM32.DLL
0x00007ffe81d50000 - 0x00007ffe81d5c000 	c:\Users\System Bilgisayar\.vscode\extensions\redhat.java-1.38.0-win32-x64\jre\17.0.13-win32-x86_64\bin\vcruntime140_1.dll
0x00007ffe57b60000 - 0x00007ffe57bed000 	c:\Users\System Bilgisayar\.vscode\extensions\redhat.java-1.38.0-win32-x64\jre\17.0.13-win32-x86_64\bin\msvcp140.dll
0x00007ffe2b580000 - 0x00007ffe2c1eb000 	c:\Users\System Bilgisayar\.vscode\extensions\redhat.java-1.38.0-win32-x64\jre\17.0.13-win32-x86_64\bin\server\jvm.dll
0x00007ffe8aca0000 - 0x00007ffe8ad51000 	C:\WINDOWS\System32\ADVAPI32.dll
0x00007ffe89de0000 - 0x00007ffe89e7f000 	C:\WINDOWS\System32\sechost.dll
0x00007ffe8ab50000 - 0x00007ffe8ac73000 	C:\WINDOWS\System32\RPCRT4.dll
0x00007ffe886c0000 - 0x00007ffe886e7000 	C:\WINDOWS\System32\bcrypt.dll
0x00007ffe89b40000 - 0x00007ffe89bab000 	C:\WINDOWS\System32\WS2_32.dll
0x00007ffe87a60000 - 0x00007ffe87aab000 	C:\WINDOWS\SYSTEM32\POWRPROF.dll
0x00007ffe70130000 - 0x00007ffe70157000 	C:\WINDOWS\SYSTEM32\WINMM.dll
0x00007ffe7e500000 - 0x00007ffe7e50a000 	C:\WINDOWS\SYSTEM32\VERSION.dll
0x00007ffe878d0000 - 0x00007ffe878e2000 	C:\WINDOWS\SYSTEM32\UMPDC.dll
0x00007ffe86cf0000 - 0x00007ffe86d02000 	C:\WINDOWS\SYSTEM32\kernel.appcore.dll
0x00007ffe7e0f0000 - 0x00007ffe7e0fa000 	c:\Users\System Bilgisayar\.vscode\extensions\redhat.java-1.38.0-win32-x64\jre\17.0.13-win32-x86_64\bin\jimage.dll
0x00007ffe86250000 - 0x00007ffe86434000 	C:\WINDOWS\SYSTEM32\DBGHELP.DLL
0x00007ffe7e4c0000 - 0x00007ffe7e4f4000 	C:\WINDOWS\SYSTEM32\dbgcore.DLL
0x00007ffe88630000 - 0x00007ffe886b2000 	C:\WINDOWS\System32\bcryptPrimitives.dll
0x00007ffe81b90000 - 0x00007ffe81b9e000 	c:\Users\System Bilgisayar\.vscode\extensions\redhat.java-1.38.0-win32-x64\jre\17.0.13-win32-x86_64\bin\instrument.dll
0x00007ffe6b500000 - 0x00007ffe6b525000 	c:\Users\System Bilgisayar\.vscode\extensions\redhat.java-1.38.0-win32-x64\jre\17.0.13-win32-x86_64\bin\java.dll
0x00007ffe73c00000 - 0x00007ffe73c18000 	c:\Users\System Bilgisayar\.vscode\extensions\redhat.java-1.38.0-win32-x64\jre\17.0.13-win32-x86_64\bin\zip.dll
0x00007ffe89260000 - 0x00007ffe899cd000 	C:\WINDOWS\System32\SHELL32.dll
0x00007ffe86530000 - 0x00007ffe86cd4000 	C:\WINDOWS\SYSTEM32\windows.storage.dll
0x00007ffe8a7f0000 - 0x00007ffe8ab43000 	C:\WINDOWS\System32\combase.dll
0x00007ffe87f00000 - 0x00007ffe87f2e000 	C:\WINDOWS\SYSTEM32\Wldp.dll
0x00007ffe89190000 - 0x00007ffe8925d000 	C:\WINDOWS\System32\OLEAUT32.dll
0x00007ffe8a740000 - 0x00007ffe8a7ed000 	C:\WINDOWS\System32\SHCORE.dll
0x00007ffe89d50000 - 0x00007ffe89da5000 	C:\WINDOWS\System32\shlwapi.dll
0x00007ffe88400000 - 0x00007ffe88424000 	C:\WINDOWS\SYSTEM32\profapi.dll
0x00007ffe72af0000 - 0x00007ffe72b09000 	C:\Users\System Bilgisayar\.vscode\extensions\redhat.java-1.38.0-win32-x64\jre\17.0.13-win32-x86_64\bin\net.dll
0x00007ffe818f0000 - 0x00007ffe819fd000 	C:\WINDOWS\SYSTEM32\WINHTTP.dll
0x00007ffe87c60000 - 0x00007ffe87cca000 	C:\WINDOWS\system32\mswsock.dll
0x00007ffe71540000 - 0x00007ffe71556000 	C:\Users\System Bilgisayar\.vscode\extensions\redhat.java-1.38.0-win32-x64\jre\17.0.13-win32-x86_64\bin\nio.dll
0x00007ffe81540000 - 0x00007ffe81550000 	c:\Users\System Bilgisayar\.vscode\extensions\redhat.java-1.38.0-win32-x64\jre\17.0.13-win32-x86_64\bin\verify.dll
0x00007ffe6c900000 - 0x00007ffe6c945000 	C:\Users\System Bilgisayar\AppData\Roaming\Code\User\globalStorage\redhat.java\1.38.0\config_win\org.eclipse.equinox.launcher\org.eclipse.equinox.launcher.win32.win32.x86_64_1.2.1100.v20240722-2106\eclipse_11904.dll
0x00007ffe89f10000 - 0x00007ffe8a03b000 	C:\WINDOWS\System32\ole32.dll
0x00007ffe7c780000 - 0x00007ffe7c78a000 	C:\Users\System Bilgisayar\.vscode\extensions\redhat.java-1.38.0-win32-x64\jre\17.0.13-win32-x86_64\bin\management.dll
0x00007ffe7b230000 - 0x00007ffe7b23b000 	C:\Users\System Bilgisayar\.vscode\extensions\redhat.java-1.38.0-win32-x64\jre\17.0.13-win32-x86_64\bin\management_ext.dll
0x00007ffe8a1f0000 - 0x00007ffe8a1f8000 	C:\WINDOWS\System32\PSAPI.DLL
0x00007ffe87e50000 - 0x00007ffe87e68000 	C:\WINDOWS\SYSTEM32\CRYPTSP.dll
0x00007ffe87510000 - 0x00007ffe87544000 	C:\WINDOWS\system32\rsaenh.dll
0x00007ffe88380000 - 0x00007ffe883ae000 	C:\WINDOWS\SYSTEM32\USERENV.dll
0x00007ffe87e70000 - 0x00007ffe87e7c000 	C:\WINDOWS\SYSTEM32\CRYPTBASE.dll
0x00007ffe878f0000 - 0x00007ffe8792b000 	C:\WINDOWS\SYSTEM32\IPHLPAPI.DLL
0x00007ffe89a50000 - 0x00007ffe89a58000 	C:\WINDOWS\System32\NSI.dll
0x00007ffe7f0a0000 - 0x00007ffe7f0b7000 	C:\WINDOWS\SYSTEM32\dhcpcsvc6.DLL
0x00007ffe7f350000 - 0x00007ffe7f36d000 	C:\WINDOWS\SYSTEM32\dhcpcsvc.DLL
0x00007ffe87930000 - 0x00007ffe879fa000 	C:\WINDOWS\SYSTEM32\DNSAPI.dll
0x00007ffe69730000 - 0x00007ffe69779000 	C:\Users\System Bilgisayar\AppData\Local\Temp\jna-407964582\jna1469872106573038613.dll
0x00007ffe7ab50000 - 0x00007ffe7ab5e000 	C:\Users\System Bilgisayar\.vscode\extensions\redhat.java-1.38.0-win32-x64\jre\17.0.13-win32-x86_64\bin\sunmscapi.dll
0x00007ffe888c0000 - 0x00007ffe88a1c000 	C:\WINDOWS\System32\CRYPT32.dll
0x00007ffe87f70000 - 0x00007ffe87f97000 	C:\WINDOWS\SYSTEM32\ncrypt.dll
0x00007ffe87f30000 - 0x00007ffe87f6b000 	C:\WINDOWS\SYSTEM32\NTASN1.dll
0x00007ffe82280000 - 0x00007ffe8228a000 	C:\Windows\System32\rasadhlp.dll
0x00007ffe7d3b0000 - 0x00007ffe7d430000 	C:\WINDOWS\System32\fwpuclnt.dll
0x00007ffe73070000 - 0x00007ffe73079000 	C:\Users\System Bilgisayar\.vscode\extensions\redhat.java-1.38.0-win32-x64\jre\17.0.13-win32-x86_64\bin\extnet.dll
0x00007ffe6f4c0000 - 0x00007ffe6f4e7000 	C:\Users\System Bilgisayar\.gradle\native\c067742578af261105cb4f569cf0c3c89f3d7b1fecec35dd04571415982c5e48\windows-amd64\native-platform.dll
0x00007ffe84d40000 - 0x00007ffe84dd4000 	C:\WINDOWS\system32\apphelp.dll
0x00007ffe73840000 - 0x00007ffe73847000 	C:\WINDOWS\system32\wshunix.dll

dbghelp: loaded successfully - version: 4.0.5 - missing functions: none
symbol engine: initialized successfully - sym options: 0x614 - pdb path: .;c:\Users\System Bilgisayar\.vscode\extensions\redhat.java-1.38.0-win32-x64\jre\17.0.13-win32-x86_64\bin;C:\WINDOWS\SYSTEM32;C:\WINDOWS\WinSxS\amd64_microsoft.windows.common-controls_6595b64144ccf1df_6.0.19041.4355_none_60b8b9eb71f62e16;c:\Users\System Bilgisayar\.vscode\extensions\redhat.java-1.38.0-win32-x64\jre\17.0.13-win32-x86_64\bin\server;C:\Users\System Bilgisayar\AppData\Roaming\Code\User\globalStorage\redhat.java\1.38.0\config_win\org.eclipse.equinox.launcher\org.eclipse.equinox.launcher.win32.win32.x86_64_1.2.1100.v20240722-2106;C:\Users\System Bilgisayar\AppData\Local\Temp\jna-407964582;C:\Users\System Bilgisayar\.gradle\native\c067742578af261105cb4f569cf0c3c89f3d7b1fecec35dd04571415982c5e48\windows-amd64

VM Arguments:
jvm_args: --add-modules=ALL-SYSTEM --add-opens=java.base/java.util=ALL-UNNAMED --add-opens=java.base/java.lang=ALL-UNNAMED --add-opens=java.base/sun.nio.fs=ALL-UNNAMED -Declipse.application=org.eclipse.jdt.ls.core.id1 -Dosgi.bundles.defaultStartLevel=4 -Declipse.product=org.eclipse.jdt.ls.core.product -Djava.import.generatesMetadataFilesAtProjectRoot=false -DDetectVMInstallationsJob.disabled=true -Dfile.encoding=utf8 -XX:+UseParallelGC -XX:GCTimeRatio=4 -XX:AdaptiveSizePolicyWeight=90 -Dsun.zip.disableMemoryMapping=true -Xmx1G -Xms100m -Xlog:disable -javaagent:c:\Users\System Bilgisayar\.vscode\extensions\redhat.java-1.38.0-win32-x64\lombok\lombok-1.18.34.jar -XX:+HeapDumpOnOutOfMemoryError -XX:HeapDumpPath=c:\Users\System Bilgisayar\AppData\Roaming\Code\User\workspaceStorage\74dfa8858d0dc46146549bf1d9b92cb9\redhat.java -Daether.dependencyCollector.impl=bf 
java_command: c:\Users\System Bilgisayar\.vscode\extensions\redhat.java-1.38.0-win32-x64\server\plugins\org.eclipse.equinox.launcher_1.6.900.v20240613-2009.jar -configuration c:\Users\System Bilgisayar\AppData\Roaming\Code\User\globalStorage\redhat.java\1.38.0\config_win -data c:\Users\System Bilgisayar\AppData\Roaming\Code\User\workspaceStorage\74dfa8858d0dc46146549bf1d9b92cb9\redhat.java\jdt_ws --pipe=\\.\pipe\lsp-e81890a6089ac730d0c445c13adc20d7-sock
java_class_path (initial): c:\Users\System Bilgisayar\.vscode\extensions\redhat.java-1.38.0-win32-x64\server\plugins\org.eclipse.equinox.launcher_1.6.900.v20240613-2009.jar
Launcher Type: SUN_STANDARD

[Global flags]
    uintx AdaptiveSizePolicyWeight                 = 90                                        {product} {command line}
     intx CICompilerCount                          = 3                                         {product} {ergonomic}
    uintx GCTimeRatio                              = 4                                         {product} {command line}
     bool HeapDumpOnOutOfMemoryError               = true                                   {manageable} {command line}
    ccstr HeapDumpPath                             = c:\Users\System Bilgisayar\AppData\Roaming\Code\User\workspaceStorage\74dfa8858d0dc46146549bf1d9b92cb9\redhat.java         {manageable} {command line}
   size_t InitialHeapSize                          = 104857600                                 {product} {command line}
   size_t MaxHeapSize                              = 1073741824                                {product} {command line}
   size_t MaxNewSize                               = 357564416                                 {product} {ergonomic}
   size_t MinHeapDeltaBytes                        = 524288                                    {product} {ergonomic}
   size_t MinHeapSize                              = 104857600                                 {product} {command line}
   size_t NewSize                                  = 34603008                                  {product} {ergonomic}
    uintx NonNMethodCodeHeapSize                   = 5832780                                {pd product} {ergonomic}
    uintx NonProfiledCodeHeapSize                  = 122912730                              {pd product} {ergonomic}
   size_t OldSize                                  = 70254592                                  {product} {ergonomic}
    uintx ProfiledCodeHeapSize                     = 122912730                              {pd product} {ergonomic}
    uintx ReservedCodeCacheSize                    = 251658240                              {pd product} {ergonomic}
     bool SegmentedCodeCache                       = true                                      {product} {ergonomic}
   size_t SoftMaxHeapSize                          = 1073741824                             {manageable} {ergonomic}
     bool UseCompressedClassPointers               = true                           {product lp64_product} {ergonomic}
     bool UseCompressedOops                        = true                           {product lp64_product} {ergonomic}
     bool UseLargePagesIndividualAllocation        = false                                  {pd product} {ergonomic}
     bool UseParallelGC                            = true                                      {product} {command line}

Logging:
Log output configuration:
 #0: stdout all=off uptime,level,tags
 #1: stderr all=off uptime,level,tags

Environment Variables:
JAVA_HOME=C:\Program Files\Java\jdk-23
PATH=C:\Program Files\flutter\bin;C:\Windows\system32;C:\Windows;C:\Windows\System32\Wbem;C:\Windows\System32\WindowsPowerShell\v1.0\;C:\Windows\System32\OpenSSH\;C:\Program Files\Microsoft SQL Server\150\Tools\Binn\;C:\WINDOWS\system32;C:\WINDOWS;C:\WINDOWS\System32\Wbem;C:\WINDOWS\System32\WindowsPowerShell\v1.0\;C:\WINDOWS\System32\OpenSSH\;C:\Program Files (x86)\Git\cmd;C:\Program Files\Java\jdk-23;C:\Users\System Bilgisayar\AppData\Local\Programs\Python\Python313\Scripts\;C:\Users\System Bilgisayar\AppData\Local\Programs\Python\Python313\;C:\Program Files\MySQL\MySQL Shell 8.0\bin\;E:\Anaconda;C:\Program Files\flutter\bin;E: \Anaconda\Library\mingw-64\bin;E:\Anaconda\Library\usr\bin;E:\Anaconda\Library\bin;E:\Anaconda\Scripts;C:\Users\System Bilgisayar\AppData\Local\Microsoft\WindowsApps;C:\Program Files\JetBrains\IntelliJ IDEA Community Edition 2022.2.3\bin;;C:\Users\System Bilgisayar\AppData\Local\Programs\Microsoft VS Code\bin;C:\Program Files\Git\bin\;
USERNAME=System Bilgisayar
OS=Windows_NT
PROCESSOR_IDENTIFIER=Intel64 Family 6 Model 142 Stepping 9, GenuineIntel
TMP=C:\Users\SYSTEM~1\AppData\Local\Temp
TEMP=C:\Users\SYSTEM~1\AppData\Local\Temp



Periodic native trim disabled


---------------  S Y S T E M  ---------------

OS:
 Windows 10 , 64 bit Build 19041 (10.0.19041.5198)
OS uptime: 3 days 1:43 hours

CPU: total 4 (initial active 4) (2 cores per cpu, 2 threads per core) family 6 model 142 stepping 9 microcode 0xb4, cx8, cmov, fxsr, ht, mmx, 3dnowpref, sse, sse2, sse3, ssse3, sse4.1, sse4.2, popcnt, lzcnt, tsc, tscinvbit, avx, avx2, aes, erms, clmul, bmi1, bmi2, adx, fma, vzeroupper, clflush, clflushopt
Processor Information for all 4 processors :
  Max Mhz: 2712, Current Mhz: 2511, Mhz Limit: 2495

Memory: 4k page, system-wide physical 3345M (86M free)
TotalPageFile size 13585M (AvailPageFile size 0M)
current process WorkingSet (physical memory assigned to process): 54M, peak: 188M
current process commit charge ("private bytes"): 298M, peak: 319M

vm_info: OpenJDK 64-Bit Server VM (17.0.13+11) for windows-amd64 JRE (17.0.13+11), built on Oct 16 2024 00:10:08 by "admin" with MS VC++ 17.7 (VS2022)

END.
