#
# There is insufficient memory for the Java Runtime Environment to continue.
# Native memory allocation (mmap) failed to map 1933312 bytes. Error detail: G1 virtual space
# Possible reasons:
#   The system is out of physical RAM or swap space
#   This process is running with CompressedOops enabled, and the Java Heap may be blocking the growth of the native heap
# Possible solutions:
#   Reduce memory load on the system
#   Increase physical memory or swap space
#   Check if swap backing store is full
#   Decrease Java heap size (-Xmx/-Xms)
#   Decrease number of Java threads
#   Decrease Java thread stack sizes (-Xss)
#   Set larger code cache with -XX:ReservedCodeCacheSize=
#   JVM is running with Zero Based Compressed Oops mode in which the Java heap is
#     placed in the first 32GB address space. The Java Heap base address is the
#     maximum limit for the native heap growth. Please use -XX:HeapBaseMinAddress
#     to set the Java Heap base and to place the Java Heap above 32GB virtual address.
# This output file may be truncated or incomplete.
#
#  Out of Memory Error (os_windows.cpp:3614), pid=1156, tid=7340
#
# JRE version: OpenJDK Runtime Environment Temurin-17.0.13+11 (17.0.13+11) (build 17.0.13+11)
# Java VM: OpenJDK 64-Bit Server VM Temurin-17.0.13+11 (17.0.13+11, mixed mode, tiered, compressed oops, compressed class ptrs, g1 gc, windows-amd64)
# No core dump will be written. Minidumps are not enabled by default on client versions of Windows
#

---------------  S U M M A R Y ------------

Command Line: --add-opens=java.base/java.util=ALL-UNNAMED --add-opens=java.base/java.lang=ALL-UNNAMED --add-opens=java.base/java.lang.invoke=ALL-UNNAMED --add-opens=java.prefs/java.util.prefs=ALL-UNNAMED --add-opens=java.base/java.nio.charset=ALL-UNNAMED --add-opens=java.base/java.net=ALL-UNNAMED --add-opens=java.base/java.util.concurrent.atomic=ALL-UNNAMED -Xmx4G -Dfile.encoding=utf8 -Duser.country=TR -Duser.language=tr -Duser.variant org.gradle.launcher.daemon.bootstrap.GradleDaemon 7.6.3

Host: Intel(R) Core(TM) i5-7200U CPU @ 2.50GHz, 4 cores, 3G,  Windows 10 , 64 bit Build 19041 (10.0.19041.5198)
Time: Sat Jan 18 20:45:06 2025 Türkiye Standart Saati elapsed time: 172.504153 seconds (0d 0h 2m 52s)

---------------  T H R E A D  ---------------

Current thread (0x000002b27f62b1b0):  VMThread "VM Thread" [stack: 0x000000c3b7700000,0x000000c3b7800000] [id=7340]

Stack: [0x000000c3b7700000,0x000000c3b7800000]
Native frames: (J=compiled Java code, j=interpreted, Vv=VM code, C=native code)
V  [jvm.dll+0x682a19]
V  [jvm.dll+0x839538]
V  [jvm.dll+0x83afe3]
V  [jvm.dll+0x83b653]
V  [jvm.dll+0x24704f]
V  [jvm.dll+0x67f809]
V  [jvm.dll+0x6746fa]
V  [jvm.dll+0x304a96]
V  [jvm.dll+0x30bf56]
V  [jvm.dll+0x35da73]
V  [jvm.dll+0x35dc9d]
V  [jvm.dll+0x2dbe5c]
V  [jvm.dll+0x2da1ff]
V  [jvm.dll+0x2d996c]
V  [jvm.dll+0x31d14b]
V  [jvm.dll+0x83fe8d]
V  [jvm.dll+0x840bc3]
V  [jvm.dll+0x8410ef]
V  [jvm.dll+0x8414d4]
V  [jvm.dll+0x84159e]
V  [jvm.dll+0x7e8ffc]
V  [jvm.dll+0x6818f7]
C  [ucrtbase.dll+0x21bb2]
C  [KERNEL32.DLL+0x17374]
C  [ntdll.dll+0x4cc91]

VM_Operation (0x000000c3b8df4200): G1CollectForAllocation, mode: safepoint, requested by thread 0x000002b20d286680


---------------  P R O C E S S  ---------------

Threads class SMR info:
_java_thread_list=0x000002b20f76dd00, length=37, elements={
0x000002b267d3e870, 0x000002b27f643290, 0x000002b27f644bb0, 0x000002b27f679550,
0x000002b27f67be30, 0x000002b27f67c700, 0x000002b27f67cfd0, 0x000002b27f67dc80,
0x000002b27f682650, 0x000002b27f69e660, 0x000002b27f8f3250, 0x000002b27f8ff990,
0x000002b20d458590, 0x000002b20c864050, 0x000002b20c059080, 0x000002b20cb130b0,
0x000002b20d123050, 0x000002b20d289410, 0x000002b20d286680, 0x000002b20d287fd0,
0x000002b20d286b90, 0x000002b20d2889f0, 0x000002b20d287ac0, 0x000002b20d289920,
0x000002b20d2875b0, 0x000002b20d2884e0, 0x000002b20d288f00, 0x000002b20df3c620,
0x000002b20df42650, 0x000002b20df3d040, 0x000002b20df407f0, 0x000002b20df41c30,
0x000002b20df3f3b0, 0x000002b20df3da60, 0x000002b20df3e990, 0x000002b20df3e480,
0x000002b20df3cb30
}

Java Threads: ( => current thread )
  0x000002b267d3e870 JavaThread "main" [_thread_blocked, id=10896, stack(0x000000c3b7100000,0x000000c3b7200000)]
  0x000002b27f643290 JavaThread "Reference Handler" daemon [_thread_blocked, id=7100, stack(0x000000c3b7800000,0x000000c3b7900000)]
  0x000002b27f644bb0 JavaThread "Finalizer" daemon [_thread_blocked, id=10588, stack(0x000000c3b7900000,0x000000c3b7a00000)]
  0x000002b27f679550 JavaThread "Signal Dispatcher" daemon [_thread_blocked, id=11964, stack(0x000000c3b7a00000,0x000000c3b7b00000)]
  0x000002b27f67be30 JavaThread "Attach Listener" daemon [_thread_blocked, id=2184, stack(0x000000c3b7b00000,0x000000c3b7c00000)]
  0x000002b27f67c700 JavaThread "Service Thread" daemon [_thread_blocked, id=13540, stack(0x000000c3b7c00000,0x000000c3b7d00000)]
  0x000002b27f67cfd0 JavaThread "Monitor Deflation Thread" daemon [_thread_blocked, id=8552, stack(0x000000c3b7d00000,0x000000c3b7e00000)]
  0x000002b27f67dc80 JavaThread "C2 CompilerThread0" daemon [_thread_blocked, id=9692, stack(0x000000c3b7e00000,0x000000c3b7f00000)]
  0x000002b27f682650 JavaThread "C1 CompilerThread0" daemon [_thread_blocked, id=8292, stack(0x000000c3b7f00000,0x000000c3b8000000)]
  0x000002b27f69e660 JavaThread "Sweeper thread" daemon [_thread_blocked, id=8492, stack(0x000000c3b8000000,0x000000c3b8100000)]
  0x000002b27f8f3250 JavaThread "Common-Cleaner" daemon [_thread_blocked, id=1960, stack(0x000000c3b8100000,0x000000c3b8200000)]
  0x000002b27f8ff990 JavaThread "Notification Thread" daemon [_thread_blocked, id=11180, stack(0x000000c3b8200000,0x000000c3b8300000)]
  0x000002b20d458590 JavaThread "Daemon health stats" [_thread_blocked, id=6036, stack(0x000000c3b8700000,0x000000c3b8800000)]
  0x000002b20c864050 JavaThread "Incoming local TCP Connector on port 50835" [_thread_in_native, id=12176, stack(0x000000c3b8800000,0x000000c3b8900000)]
  0x000002b20c059080 JavaThread "Daemon periodic checks" [_thread_blocked, id=12220, stack(0x000000c3b8900000,0x000000c3b8a00000)]
  0x000002b20cb130b0 JavaThread "Daemon" [_thread_blocked, id=5336, stack(0x000000c3b8a00000,0x000000c3b8b00000)]
  0x000002b20d123050 JavaThread "Handler for socket connection from /127.0.0.1:50835 to /127.0.0.1:50836" [_thread_in_native, id=11656, stack(0x000000c3b8b00000,0x000000c3b8c00000)]
  0x000002b20d289410 JavaThread "Cancel handler" [_thread_blocked, id=10748, stack(0x000000c3b8c00000,0x000000c3b8d00000)]
  0x000002b20d286680 JavaThread "Daemon worker" [_thread_blocked, id=4452, stack(0x000000c3b8d00000,0x000000c3b8e00000)]
  0x000002b20d287fd0 JavaThread "Asynchronous log dispatcher for DefaultDaemonConnection: socket connection from /127.0.0.1:50835 to /127.0.0.1:50836" [_thread_blocked, id=8368, stack(0x000000c3b8e00000,0x000000c3b8f00000)]
  0x000002b20d286b90 JavaThread "Daemon client event forwarder" [_thread_blocked, id=6892, stack(0x000000c3b9000000,0x000000c3b9100000)]
  0x000002b20d2889f0 JavaThread "Cache worker for journal cache (C:\Users\System Bilgisayar\.gradle\caches\journal-1)" [_thread_blocked, id=8288, stack(0x000000c3b9100000,0x000000c3b9200000)]
  0x000002b20d287ac0 JavaThread "File lock request listener" [_thread_in_native, id=6376, stack(0x000000c3b9200000,0x000000c3b9300000)]
  0x000002b20d289920 JavaThread "Cache worker for file hash cache (C:\Users\System Bilgisayar\.gradle\caches\7.6.3\fileHashes)" [_thread_blocked, id=1520, stack(0x000000c3b9300000,0x000000c3b9400000)]
  0x000002b20d2875b0 JavaThread "File watcher server" daemon [_thread_in_native, id=8200, stack(0x000000c3b9400000,0x000000c3b9500000)]
  0x000002b20d2884e0 JavaThread "File watcher consumer" daemon [_thread_blocked, id=8160, stack(0x000000c3b9500000,0x000000c3b9600000)]
  0x000002b20d288f00 JavaThread "jar transforms" [_thread_blocked, id=13792, stack(0x000000c3b9800000,0x000000c3b9900000)]
  0x000002b20df3c620 JavaThread "jar transforms Thread 2" [_thread_blocked, id=8732, stack(0x000000c3b9900000,0x000000c3b9a00000)]
  0x000002b20df42650 JavaThread "jar transforms Thread 3" [_thread_blocked, id=12748, stack(0x000000c3b9a00000,0x000000c3b9b00000)]
  0x000002b20df3d040 JavaThread "Cache worker for checksums cache (C:\Users\System Bilgisayar\Avatar\avatar\android\.gradle\7.6.3\checksums)" [_thread_blocked, id=11360, stack(0x000000c3b9b00000,0x000000c3b9c00000)]
  0x000002b20df407f0 JavaThread "Cache worker for cache directory md-rule (C:\Users\System Bilgisayar\.gradle\caches\7.6.3\md-rule)" [_thread_blocked, id=3916, stack(0x000000c3b9c00000,0x000000c3b9d00000)]
  0x000002b20df41c30 JavaThread "Cache worker for file content cache (C:\Users\System Bilgisayar\.gradle\caches\7.6.3\fileContent)" [_thread_blocked, id=5984, stack(0x000000c3b9d00000,0x000000c3b9e00000)]
  0x000002b20df3f3b0 JavaThread "Cache worker for file hash cache (C:\Users\System Bilgisayar\Avatar\avatar\android\.gradle\7.6.3\fileHashes)" [_thread_blocked, id=1408, stack(0x000000c3b9e00000,0x000000c3b9f00000)]
  0x000002b20df3da60 JavaThread "Cache worker for cache directory md-supplier (C:\Users\System Bilgisayar\.gradle\caches\7.6.3\md-supplier)" [_thread_blocked, id=12644, stack(0x000000c3b9f00000,0x000000c3ba000000)]
  0x000002b20df3e990 JavaThread "Cache worker for execution history cache (C:\Users\System Bilgisayar\.gradle\caches\7.6.3\executionHistory)" [_thread_blocked, id=8268, stack(0x000000c3ba000000,0x000000c3ba100000)]
  0x000002b20df3e480 JavaThread "jar transforms Thread 4" [_thread_blocked, id=8844, stack(0x000000c3ba100000,0x000000c3ba200000)]
  0x000002b20df3cb30 JavaThread "Cache worker for kotlin-dsl (C:\Users\System Bilgisayar\.gradle\caches\7.6.3\kotlin-dsl)" [_thread_blocked, id=5276, stack(0x000000c3b6f00000,0x000000c3b7000000)]

Other Threads:
=>0x000002b27f62b1b0 VMThread "VM Thread" [stack: 0x000000c3b7700000,0x000000c3b7800000] [id=7340]
  0x000002b27f8ffe70 WatcherThread [stack: 0x000000c3b8300000,0x000000c3b8400000] [id=9960]
  0x000002b267da9810 GCTaskThread "GC Thread#0" [stack: 0x000000c3b7200000,0x000000c3b7300000] [id=10432]
  0x000002b20c18b590 GCTaskThread "GC Thread#1" [stack: 0x000000c3b8400000,0x000000c3b8500000] [id=10840]
  0x000002b20c1d3510 GCTaskThread "GC Thread#2" [stack: 0x000000c3b8500000,0x000000c3b8600000] [id=12280]
  0x000002b20c23eca0 GCTaskThread "GC Thread#3" [stack: 0x000000c3b8600000,0x000000c3b8700000] [id=2120]
  0x000002b267dba760 ConcurrentGCThread "G1 Main Marker" [stack: 0x000000c3b7300000,0x000000c3b7400000] [id=13852]
  0x000002b267dbb180 ConcurrentGCThread "G1 Conc#0" [stack: 0x000000c3b7400000,0x000000c3b7500000] [id=9496]
  0x000002b267def7e0 ConcurrentGCThread "G1 Refine#0" [stack: 0x000000c3b7500000,0x000000c3b7600000] [id=11820]
  0x000002b20dbc8820 ConcurrentGCThread "G1 Refine#1" [stack: 0x000000c3b7000000,0x000000c3b7100000] [id=13520]
  0x000002b267df0210 ConcurrentGCThread "G1 Service" [stack: 0x000000c3b7600000,0x000000c3b7700000] [id=2244]

Threads with active compile tasks:
C2 CompilerThread0   172587 18472 %     4       org.objectweb.asm.ClassReader::accept @ 194 (1412 bytes)
C1 CompilerThread0   172587 18523       3       org.gradle.kotlin.dsl.normalization.KotlinApiMemberWriter::writeMethod (41 bytes)

VM state: at safepoint (normal execution)

VM Mutex/Monitor currently owned by a thread:  ([mutex/lock_event])
[0x000002b267d3a4c0] Threads_lock - owner thread: 0x000002b27f62b1b0
[0x000002b267d3af70] Heap_lock - owner thread: 0x000002b20d286680

Heap address: 0x0000000700000000, size: 4096 MB, Compressed Oops mode: Zero based, Oop shift amount: 3

CDS archive(s) not mapped
Compressed class space mapped at: 0x0000000800000000-0x0000000840000000, reserved size: 1073741824
Narrow klass base: 0x0000000800000000, Narrow klass shift: 0, Narrow klass range: 0x40000000

GC Precious Log:
 CPUs: 4 total, 4 available
 Memory: 3345M
 Large Page Support: Disabled
 NUMA Support: Disabled
 Compressed Oops: Enabled (Zero based)
 Heap Region Size: 2M
 Heap Min Capacity: 8M
 Heap Initial Capacity: 54M
 Heap Max Capacity: 4G
 Pre-touch: Disabled
 Parallel Workers: 4
 Concurrent Workers: 1
 Concurrent Refinement Workers: 4
 Periodic GC: Disabled

Heap:
 garbage-first heap   total 493568K, used 121327K [0x0000000700000000, 0x0000000800000000)
  region size 2048K, 6 young (12288K), 6 survivors (12288K)
 Metaspace       used 101036K, committed 101696K, reserved 1179648K
  class space    used 12138K, committed 12480K, reserved 1048576K

Heap Regions: E=young(eden), S=young(survivor), O=old, HS=humongous(starts), HC=humongous(continues), CS=collection set, F=free, OA=open archive, CA=closed archive, TAMS=top-at-mark-start (previous, next)
|   0|0x0000000700000000, 0x0000000700200000, 0x0000000700200000|100%| O|  |TAMS 0x0000000700200000, 0x0000000700200000| Untracked 
|   1|0x0000000700200000, 0x0000000700400000, 0x0000000700400000|100%|HS|  |TAMS 0x0000000700400000, 0x0000000700400000| Complete 
|   2|0x0000000700400000, 0x0000000700600000, 0x0000000700600000|100%|HC|  |TAMS 0x0000000700600000, 0x0000000700600000| Complete 
|   3|0x0000000700600000, 0x0000000700800000, 0x0000000700800000|100%| O|  |TAMS 0x0000000700800000, 0x0000000700800000| Untracked 
|   4|0x0000000700800000, 0x0000000700a00000, 0x0000000700a00000|100%| O|  |TAMS 0x0000000700a00000, 0x0000000700a00000| Untracked 
|   5|0x0000000700a00000, 0x0000000700c00000, 0x0000000700c00000|100%| O|  |TAMS 0x0000000700c00000, 0x0000000700c00000| Untracked 
|   6|0x0000000700c00000, 0x0000000700e00000, 0x0000000700e00000|100%| O|  |TAMS 0x0000000700e00000, 0x0000000700e00000| Untracked 
|   7|0x0000000700e00000, 0x0000000701000000, 0x0000000701000000|100%| O|  |TAMS 0x0000000701000000, 0x0000000701000000| Untracked 
|   8|0x0000000701000000, 0x0000000701200000, 0x0000000701200000|100%| O|  |TAMS 0x0000000701200000, 0x0000000701200000| Untracked 
|   9|0x0000000701200000, 0x0000000701400000, 0x0000000701400000|100%| O|  |TAMS 0x0000000701400000, 0x0000000701400000| Untracked 
|  10|0x0000000701400000, 0x0000000701600000, 0x0000000701600000|100%| O|  |TAMS 0x0000000701600000, 0x0000000701600000| Untracked 
|  11|0x0000000701600000, 0x0000000701800000, 0x0000000701800000|100%| O|  |TAMS 0x0000000701800000, 0x0000000701800000| Untracked 
|  12|0x0000000701800000, 0x0000000701a00000, 0x0000000701a00000|100%| O|  |TAMS 0x0000000701a00000, 0x0000000701a00000| Untracked 
|  13|0x0000000701a00000, 0x0000000701c00000, 0x0000000701c00000|100%| O|  |TAMS 0x0000000701c00000, 0x0000000701c00000| Untracked 
|  14|0x0000000701c00000, 0x0000000701e00000, 0x0000000701e00000|100%| O|  |TAMS 0x0000000701e00000, 0x0000000701e00000| Untracked 
|  15|0x0000000701e00000, 0x0000000702000000, 0x0000000702000000|100%| O|  |TAMS 0x0000000702000000, 0x0000000702000000| Untracked 
|  16|0x0000000702000000, 0x0000000702200000, 0x0000000702200000|100%| O|  |TAMS 0x0000000702200000, 0x0000000702200000| Untracked 
|  17|0x0000000702200000, 0x0000000702400000, 0x0000000702400000|100%| O|  |TAMS 0x0000000702400000, 0x0000000702400000| Untracked 
|  18|0x0000000702400000, 0x0000000702600000, 0x0000000702600000|100%| O|  |TAMS 0x0000000702600000, 0x0000000702600000| Untracked 
|  19|0x0000000702600000, 0x0000000702800000, 0x0000000702800000|100%| O|  |TAMS 0x0000000702800000, 0x0000000702800000| Untracked 
|  20|0x0000000702800000, 0x0000000702a00000, 0x0000000702a00000|100%| O|  |TAMS 0x0000000702a00000, 0x0000000702a00000| Untracked 
|  21|0x0000000702a00000, 0x0000000702c00000, 0x0000000702c00000|100%| O|  |TAMS 0x0000000702c00000, 0x0000000702c00000| Untracked 
|  22|0x0000000702c00000, 0x0000000702e00000, 0x0000000702e00000|100%| O|  |TAMS 0x0000000702e00000, 0x0000000702e00000| Untracked 
|  23|0x0000000702e00000, 0x0000000703000000, 0x0000000703000000|100%| O|  |TAMS 0x0000000703000000, 0x0000000703000000| Untracked 
|  24|0x0000000703000000, 0x0000000703200000, 0x0000000703200000|100%| O|  |TAMS 0x0000000703200000, 0x0000000703200000| Untracked 
|  25|0x0000000703200000, 0x0000000703400000, 0x0000000703400000|100%| O|  |TAMS 0x0000000703400000, 0x0000000703400000| Untracked 
|  26|0x0000000703400000, 0x0000000703600000, 0x0000000703600000|100%|HS|  |TAMS 0x0000000703400000, 0x0000000703600000| Complete 
|  27|0x0000000703600000, 0x0000000703800000, 0x0000000703800000|100%| O|  |TAMS 0x0000000703800000, 0x0000000703800000| Untracked 
|  28|0x0000000703800000, 0x0000000703a00000, 0x0000000703a00000|100%| O|  |TAMS 0x0000000703a00000, 0x0000000703a00000| Untracked 
|  29|0x0000000703a00000, 0x0000000703c00000, 0x0000000703c00000|100%| O|  |TAMS 0x0000000703c00000, 0x0000000703c00000| Untracked 
|  30|0x0000000703c00000, 0x0000000703e00000, 0x0000000703e00000|100%|HS|  |TAMS 0x0000000703e00000, 0x0000000703e00000| Complete 
|  31|0x0000000703e00000, 0x0000000704000000, 0x0000000704000000|100%|HC|  |TAMS 0x0000000704000000, 0x0000000704000000| Complete 
|  32|0x0000000704000000, 0x000000070409ac00, 0x0000000704200000| 30%| O|  |TAMS 0x000000070403d600, 0x000000070409ac00| Untracked 
|  33|0x0000000704200000, 0x0000000704400000, 0x0000000704400000|100%| O|  |TAMS 0x0000000704200000, 0x0000000704400000| Untracked 
|  34|0x0000000704400000, 0x0000000704600000, 0x0000000704600000|100%| O|  |TAMS 0x0000000704400000, 0x0000000704600000| Untracked 
|  35|0x0000000704600000, 0x0000000704800000, 0x0000000704800000|100%| O|  |TAMS 0x0000000704600000, 0x0000000704800000| Untracked 
|  36|0x0000000704800000, 0x0000000704a00000, 0x0000000704a00000|100%| O|  |TAMS 0x0000000704800000, 0x0000000704a00000| Untracked 
|  37|0x0000000704a00000, 0x0000000704c00000, 0x0000000704c00000|100%| O|  |TAMS 0x0000000704a00000, 0x0000000704c00000| Untracked 
|  38|0x0000000704c00000, 0x0000000704e00000, 0x0000000704e00000|100%| O|  |TAMS 0x0000000704c00000, 0x0000000704e00000| Untracked 
|  39|0x0000000704e00000, 0x0000000705000000, 0x0000000705000000|100%| O|  |TAMS 0x0000000704e00000, 0x0000000705000000| Untracked 
|  40|0x0000000705000000, 0x0000000705200000, 0x0000000705200000|100%| O|  |TAMS 0x0000000705000000, 0x0000000705200000| Untracked 
|  41|0x0000000705200000, 0x0000000705400000, 0x0000000705400000|100%| O|  |TAMS 0x0000000705200000, 0x0000000705400000| Untracked 
|  42|0x0000000705400000, 0x0000000705600000, 0x0000000705600000|100%| O|  |TAMS 0x0000000705400000, 0x0000000705600000| Untracked 
|  43|0x0000000705600000, 0x0000000705800000, 0x0000000705800000|100%| O|  |TAMS 0x0000000705600000, 0x0000000705800000| Untracked 
|  44|0x0000000705800000, 0x0000000705a00000, 0x0000000705a00000|100%| O|  |TAMS 0x0000000705800000, 0x0000000705a00000| Untracked 
|  45|0x0000000705a00000, 0x0000000705c00000, 0x0000000705c00000|100%| O|  |TAMS 0x0000000705a00000, 0x0000000705c00000| Untracked 
|  46|0x0000000705c00000, 0x0000000705e00000, 0x0000000705e00000|100%| O|  |TAMS 0x0000000705c00000, 0x0000000705e00000| Untracked 
|  47|0x0000000705e00000, 0x0000000706000000, 0x0000000706000000|100%| O|  |TAMS 0x0000000705e00000, 0x0000000706000000| Untracked 
|  48|0x0000000706000000, 0x0000000706200000, 0x0000000706200000|100%| O|  |TAMS 0x0000000706000000, 0x0000000706200000| Untracked 
|  49|0x0000000706200000, 0x0000000706400000, 0x0000000706400000|100%| O|  |TAMS 0x0000000706200000, 0x0000000706400000| Untracked 
|  50|0x0000000706400000, 0x0000000706600000, 0x0000000706600000|100%| O|  |TAMS 0x0000000706400000, 0x0000000706600000| Untracked 
|  51|0x0000000706600000, 0x00000007066bee00, 0x0000000706800000| 37%| O|  |TAMS 0x0000000706600000, 0x00000007066bee00| Untracked 
|  52|0x0000000706800000, 0x0000000706a00000, 0x0000000706a00000|100%|HS|  |TAMS 0x0000000706800000, 0x0000000706a00000| Complete 
|  53|0x0000000706a00000, 0x0000000706c00000, 0x0000000706c00000|100%|HC|  |TAMS 0x0000000706a00000, 0x0000000706c00000| Complete 
|  54|0x0000000706c00000, 0x0000000706e00000, 0x0000000706e00000|100%|HC|  |TAMS 0x0000000706c00000, 0x0000000706e00000| Complete 
|  55|0x0000000706e00000, 0x0000000706e00000, 0x0000000707000000|  0%| F|  |TAMS 0x0000000706e00000, 0x0000000706e00000| Untracked 
|  56|0x0000000707000000, 0x0000000707000000, 0x0000000707200000|  0%| F|  |TAMS 0x0000000707000000, 0x0000000707000000| Untracked 
|  57|0x0000000707200000, 0x0000000707200000, 0x0000000707400000|  0%| F|  |TAMS 0x0000000707200000, 0x0000000707200000| Untracked 
|  58|0x0000000707400000, 0x0000000707400000, 0x0000000707600000|  0%| F|  |TAMS 0x0000000707400000, 0x0000000707400000| Untracked 
|  59|0x0000000707600000, 0x0000000707600000, 0x0000000707800000|  0%| F|  |TAMS 0x0000000707600000, 0x0000000707600000| Untracked 
|  60|0x0000000707800000, 0x0000000707800000, 0x0000000707a00000|  0%| F|  |TAMS 0x0000000707800000, 0x0000000707800000| Untracked 
|  61|0x0000000707a00000, 0x0000000707a00000, 0x0000000707c00000|  0%| F|  |TAMS 0x0000000707a00000, 0x0000000707a00000| Untracked 
|  62|0x0000000707c00000, 0x0000000707c00000, 0x0000000707e00000|  0%| F|  |TAMS 0x0000000707c00000, 0x0000000707c00000| Untracked 
|  63|0x0000000707e00000, 0x0000000707e00000, 0x0000000708000000|  0%| F|  |TAMS 0x0000000707e00000, 0x0000000707e00000| Untracked 
|  64|0x0000000708000000, 0x0000000708000000, 0x0000000708200000|  0%| F|  |TAMS 0x0000000708000000, 0x0000000708000000| Untracked 
|  65|0x0000000708200000, 0x0000000708200000, 0x0000000708400000|  0%| F|  |TAMS 0x0000000708200000, 0x0000000708200000| Untracked 
|  66|0x0000000708400000, 0x0000000708400000, 0x0000000708600000|  0%| F|  |TAMS 0x0000000708400000, 0x0000000708400000| Untracked 
|  67|0x0000000708600000, 0x0000000708600000, 0x0000000708800000|  0%| F|  |TAMS 0x0000000708600000, 0x0000000708600000| Untracked 
|  68|0x0000000708800000, 0x0000000708800000, 0x0000000708a00000|  0%| F|  |TAMS 0x0000000708800000, 0x0000000708800000| Untracked 
|  69|0x0000000708a00000, 0x0000000708a00000, 0x0000000708c00000|  0%| F|  |TAMS 0x0000000708a00000, 0x0000000708a00000| Untracked 
|  70|0x0000000708c00000, 0x0000000708c00000, 0x0000000708e00000|  0%| F|  |TAMS 0x0000000708c00000, 0x0000000708c00000| Untracked 
|  71|0x0000000708e00000, 0x0000000708e00000, 0x0000000709000000|  0%| F|  |TAMS 0x0000000708e00000, 0x0000000708e00000| Untracked 
|  72|0x0000000709000000, 0x0000000709000000, 0x0000000709200000|  0%| F|  |TAMS 0x0000000709000000, 0x0000000709000000| Untracked 
|  73|0x0000000709200000, 0x0000000709200000, 0x0000000709400000|  0%| F|  |TAMS 0x0000000709200000, 0x0000000709200000| Untracked 
|  74|0x0000000709400000, 0x0000000709400000, 0x0000000709600000|  0%| F|  |TAMS 0x0000000709400000, 0x0000000709400000| Untracked 
|  75|0x0000000709600000, 0x0000000709600000, 0x0000000709800000|  0%| F|  |TAMS 0x0000000709600000, 0x0000000709600000| Untracked 
|  76|0x0000000709800000, 0x0000000709800000, 0x0000000709a00000|  0%| F|  |TAMS 0x0000000709800000, 0x0000000709800000| Untracked 
|  77|0x0000000709a00000, 0x0000000709a00000, 0x0000000709c00000|  0%| F|  |TAMS 0x0000000709a00000, 0x0000000709a00000| Untracked 
|  78|0x0000000709c00000, 0x0000000709c00000, 0x0000000709e00000|  0%| F|  |TAMS 0x0000000709c00000, 0x0000000709c00000| Untracked 
|  79|0x0000000709e00000, 0x0000000709e00000, 0x000000070a000000|  0%| F|  |TAMS 0x0000000709e00000, 0x0000000709e00000| Untracked 
|  80|0x000000070a000000, 0x000000070a000000, 0x000000070a200000|  0%| F|  |TAMS 0x000000070a000000, 0x000000070a000000| Untracked 
|  81|0x000000070a200000, 0x000000070a322578, 0x000000070a400000| 56%| S|CS|TAMS 0x000000070a200000, 0x000000070a200000| Complete 
|  82|0x000000070a400000, 0x000000070a600000, 0x000000070a600000|100%| S|CS|TAMS 0x000000070a400000, 0x000000070a400000| Complete 
|  83|0x000000070a600000, 0x000000070a800000, 0x000000070a800000|100%| S|CS|TAMS 0x000000070a600000, 0x000000070a600000| Complete 
|  84|0x000000070a800000, 0x000000070aa00000, 0x000000070aa00000|100%| S|CS|TAMS 0x000000070a800000, 0x000000070a800000| Complete 
|  85|0x000000070aa00000, 0x000000070ac00000, 0x000000070ac00000|100%| S|CS|TAMS 0x000000070aa00000, 0x000000070aa00000| Complete 
|  86|0x000000070ac00000, 0x000000070ae00000, 0x000000070ae00000|100%| S|CS|TAMS 0x000000070ac00000, 0x000000070ac00000| Complete 
|  87|0x000000070ae00000, 0x000000070ae00000, 0x000000070b000000|  0%| F|  |TAMS 0x000000070ae00000, 0x000000070ae00000| Untracked 
|  88|0x000000070b000000, 0x000000070b000000, 0x000000070b200000|  0%| F|  |TAMS 0x000000070b000000, 0x000000070b000000| Untracked 
|  89|0x000000070b200000, 0x000000070b200000, 0x000000070b400000|  0%| F|  |TAMS 0x000000070b200000, 0x000000070b200000| Untracked 
|  90|0x000000070b400000, 0x000000070b400000, 0x000000070b600000|  0%| F|  |TAMS 0x000000070b400000, 0x000000070b400000| Untracked 
|  91|0x000000070b600000, 0x000000070b600000, 0x000000070b800000|  0%| F|  |TAMS 0x000000070b600000, 0x000000070b600000| Untracked 
|  92|0x000000070b800000, 0x000000070b800000, 0x000000070ba00000|  0%| F|  |TAMS 0x000000070b800000, 0x000000070b800000| Untracked 
|  93|0x000000070ba00000, 0x000000070ba00000, 0x000000070bc00000|  0%| F|  |TAMS 0x000000070ba00000, 0x000000070ba00000| Untracked 
|  94|0x000000070bc00000, 0x000000070bc00000, 0x000000070be00000|  0%| F|  |TAMS 0x000000070bc00000, 0x000000070bc00000| Untracked 
|  95|0x000000070be00000, 0x000000070be00000, 0x000000070c000000|  0%| F|  |TAMS 0x000000070be00000, 0x000000070be00000| Untracked 
|  96|0x000000070c000000, 0x000000070c000000, 0x000000070c200000|  0%| F|  |TAMS 0x000000070c000000, 0x000000070c000000| Untracked 
|  97|0x000000070c200000, 0x000000070c200000, 0x000000070c400000|  0%| F|  |TAMS 0x000000070c200000, 0x000000070c200000| Untracked 
|  98|0x000000070c400000, 0x000000070c400000, 0x000000070c600000|  0%| F|  |TAMS 0x000000070c400000, 0x000000070c400000| Untracked 
|  99|0x000000070c600000, 0x000000070c600000, 0x000000070c800000|  0%| F|  |TAMS 0x000000070c600000, 0x000000070c600000| Untracked 
| 100|0x000000070c800000, 0x000000070c800000, 0x000000070ca00000|  0%| F|  |TAMS 0x000000070c800000, 0x000000070c800000| Untracked 
| 101|0x000000070ca00000, 0x000000070ca00000, 0x000000070cc00000|  0%| F|  |TAMS 0x000000070ca00000, 0x000000070ca00000| Untracked 
| 102|0x000000070cc00000, 0x000000070cc00000, 0x000000070ce00000|  0%| F|  |TAMS 0x000000070cc00000, 0x000000070cc00000| Untracked 
| 103|0x000000070ce00000, 0x000000070ce00000, 0x000000070d000000|  0%| F|  |TAMS 0x000000070ce00000, 0x000000070ce00000| Untracked 
| 104|0x000000070d000000, 0x000000070d000000, 0x000000070d200000|  0%| F|  |TAMS 0x000000070d000000, 0x000000070d000000| Untracked 
| 105|0x000000070d200000, 0x000000070d200000, 0x000000070d400000|  0%| F|  |TAMS 0x000000070d200000, 0x000000070d200000| Untracked 
| 106|0x000000070d400000, 0x000000070d400000, 0x000000070d600000|  0%| F|  |TAMS 0x000000070d400000, 0x000000070d400000| Untracked 
| 107|0x000000070d600000, 0x000000070d600000, 0x000000070d800000|  0%| F|  |TAMS 0x000000070d600000, 0x000000070d600000| Untracked 
| 108|0x000000070d800000, 0x000000070d800000, 0x000000070da00000|  0%| F|  |TAMS 0x000000070d800000, 0x000000070d800000| Untracked 
| 109|0x000000070da00000, 0x000000070da00000, 0x000000070dc00000|  0%| F|  |TAMS 0x000000070da00000, 0x000000070da00000| Untracked 
| 110|0x000000070dc00000, 0x000000070dc00000, 0x000000070de00000|  0%| F|  |TAMS 0x000000070dc00000, 0x000000070dc00000| Untracked 
| 111|0x000000070de00000, 0x000000070de00000, 0x000000070e000000|  0%| F|  |TAMS 0x000000070de00000, 0x000000070de00000| Untracked 
| 112|0x000000070e000000, 0x000000070e000000, 0x000000070e200000|  0%| F|  |TAMS 0x000000070e000000, 0x000000070e000000| Untracked 
| 113|0x000000070e200000, 0x000000070e200000, 0x000000070e400000|  0%| F|  |TAMS 0x000000070e200000, 0x000000070e200000| Untracked 
| 114|0x000000070e400000, 0x000000070e400000, 0x000000070e600000|  0%| F|  |TAMS 0x000000070e400000, 0x000000070e400000| Untracked 
| 115|0x000000070e600000, 0x000000070e600000, 0x000000070e800000|  0%| F|  |TAMS 0x000000070e600000, 0x000000070e600000| Untracked 
| 116|0x000000070e800000, 0x000000070e800000, 0x000000070ea00000|  0%| F|  |TAMS 0x000000070e800000, 0x000000070e800000| Untracked 
| 117|0x000000070ea00000, 0x000000070ea00000, 0x000000070ec00000|  0%| F|  |TAMS 0x000000070ea00000, 0x000000070ea00000| Untracked 
| 118|0x000000070ec00000, 0x000000070ec00000, 0x000000070ee00000|  0%| F|  |TAMS 0x000000070ec00000, 0x000000070ec00000| Untracked 
| 119|0x000000070ee00000, 0x000000070ee00000, 0x000000070f000000|  0%| F|  |TAMS 0x000000070ee00000, 0x000000070ee00000| Untracked 
| 120|0x000000070f000000, 0x000000070f000000, 0x000000070f200000|  0%| F|  |TAMS 0x000000070f000000, 0x000000070f000000| Untracked 
| 121|0x000000070f200000, 0x000000070f200000, 0x000000070f400000|  0%| F|  |TAMS 0x000000070f200000, 0x000000070f200000| Untracked 
| 122|0x000000070f400000, 0x000000070f400000, 0x000000070f600000|  0%| F|  |TAMS 0x000000070f400000, 0x000000070f400000| Untracked 
| 123|0x000000070f600000, 0x000000070f600000, 0x000000070f800000|  0%| F|  |TAMS 0x000000070f600000, 0x000000070f600000| Untracked 
| 124|0x000000070f800000, 0x000000070f800000, 0x000000070fa00000|  0%| F|  |TAMS 0x000000070f800000, 0x000000070f800000| Untracked 
| 125|0x000000070fa00000, 0x000000070fa00000, 0x000000070fc00000|  0%| F|  |TAMS 0x000000070fa00000, 0x000000070fa00000| Untracked 
| 126|0x000000070fc00000, 0x000000070fc00000, 0x000000070fe00000|  0%| F|  |TAMS 0x000000070fc00000, 0x000000070fc00000| Untracked 
| 127|0x000000070fe00000, 0x000000070fe00000, 0x0000000710000000|  0%| F|  |TAMS 0x000000070fe00000, 0x000000070fe00000| Untracked 
| 128|0x0000000710000000, 0x0000000710000000, 0x0000000710200000|  0%| F|  |TAMS 0x0000000710000000, 0x0000000710000000| Untracked 
| 129|0x0000000710200000, 0x0000000710200000, 0x0000000710400000|  0%| F|  |TAMS 0x0000000710200000, 0x0000000710200000| Untracked 
| 130|0x0000000710400000, 0x0000000710400000, 0x0000000710600000|  0%| F|  |TAMS 0x0000000710400000, 0x0000000710400000| Untracked 
| 131|0x0000000710600000, 0x0000000710600000, 0x0000000710800000|  0%| F|  |TAMS 0x0000000710600000, 0x0000000710600000| Untracked 
| 132|0x0000000710800000, 0x0000000710800000, 0x0000000710a00000|  0%| F|  |TAMS 0x0000000710800000, 0x0000000710800000| Untracked 
| 133|0x0000000710a00000, 0x0000000710a00000, 0x0000000710c00000|  0%| F|  |TAMS 0x0000000710a00000, 0x0000000710a00000| Untracked 
| 134|0x0000000710c00000, 0x0000000710c00000, 0x0000000710e00000|  0%| F|  |TAMS 0x0000000710c00000, 0x0000000710c00000| Untracked 
| 135|0x0000000710e00000, 0x0000000710e00000, 0x0000000711000000|  0%| F|  |TAMS 0x0000000710e00000, 0x0000000710e00000| Untracked 
| 136|0x0000000711000000, 0x0000000711000000, 0x0000000711200000|  0%| F|  |TAMS 0x0000000711000000, 0x0000000711000000| Untracked 
| 137|0x0000000711200000, 0x0000000711200000, 0x0000000711400000|  0%| F|  |TAMS 0x0000000711200000, 0x0000000711200000| Untracked 
| 138|0x0000000711400000, 0x0000000711400000, 0x0000000711600000|  0%| F|  |TAMS 0x0000000711400000, 0x0000000711400000| Untracked 
| 139|0x0000000711600000, 0x0000000711600000, 0x0000000711800000|  0%| F|  |TAMS 0x0000000711600000, 0x0000000711600000| Untracked 
| 140|0x0000000711800000, 0x0000000711800000, 0x0000000711a00000|  0%| F|  |TAMS 0x0000000711800000, 0x0000000711800000| Untracked 
| 141|0x0000000711a00000, 0x0000000711a00000, 0x0000000711c00000|  0%| F|  |TAMS 0x0000000711a00000, 0x0000000711a00000| Untracked 
| 142|0x0000000711c00000, 0x0000000711c00000, 0x0000000711e00000|  0%| F|  |TAMS 0x0000000711c00000, 0x0000000711c00000| Untracked 
| 143|0x0000000711e00000, 0x0000000711e00000, 0x0000000712000000|  0%| F|  |TAMS 0x0000000711e00000, 0x0000000711e00000| Untracked 
| 144|0x0000000712000000, 0x0000000712000000, 0x0000000712200000|  0%| F|  |TAMS 0x0000000712000000, 0x0000000712000000| Untracked 
| 145|0x0000000712200000, 0x0000000712200000, 0x0000000712400000|  0%| F|  |TAMS 0x0000000712200000, 0x0000000712200000| Untracked 
| 146|0x0000000712400000, 0x0000000712400000, 0x0000000712600000|  0%| F|  |TAMS 0x0000000712400000, 0x0000000712400000| Untracked 
| 147|0x0000000712600000, 0x0000000712600000, 0x0000000712800000|  0%| F|  |TAMS 0x0000000712600000, 0x0000000712600000| Untracked 
| 148|0x0000000712800000, 0x0000000712800000, 0x0000000712a00000|  0%| F|  |TAMS 0x0000000712800000, 0x0000000712800000| Untracked 
| 149|0x0000000712a00000, 0x0000000712a00000, 0x0000000712c00000|  0%| F|  |TAMS 0x0000000712a00000, 0x0000000712a00000| Untracked 
| 150|0x0000000712c00000, 0x0000000712c00000, 0x0000000712e00000|  0%| F|  |TAMS 0x0000000712c00000, 0x0000000712c00000| Untracked 
| 151|0x0000000712e00000, 0x0000000712e00000, 0x0000000713000000|  0%| F|  |TAMS 0x0000000712e00000, 0x0000000712e00000| Untracked 
| 152|0x0000000713000000, 0x0000000713000000, 0x0000000713200000|  0%| F|  |TAMS 0x0000000713000000, 0x0000000713000000| Untracked 
| 153|0x0000000713200000, 0x0000000713200000, 0x0000000713400000|  0%| F|  |TAMS 0x0000000713200000, 0x0000000713200000| Untracked 
| 154|0x0000000713400000, 0x0000000713400000, 0x0000000713600000|  0%| F|  |TAMS 0x0000000713400000, 0x0000000713400000| Untracked 
| 155|0x0000000713600000, 0x0000000713600000, 0x0000000713800000|  0%| F|  |TAMS 0x0000000713600000, 0x0000000713600000| Untracked 
| 156|0x0000000713800000, 0x0000000713800000, 0x0000000713a00000|  0%| F|  |TAMS 0x0000000713800000, 0x0000000713800000| Untracked 
| 157|0x0000000713a00000, 0x0000000713a00000, 0x0000000713c00000|  0%| F|  |TAMS 0x0000000713a00000, 0x0000000713a00000| Untracked 
| 158|0x0000000713c00000, 0x0000000713c00000, 0x0000000713e00000|  0%| F|  |TAMS 0x0000000713c00000, 0x0000000713c00000| Untracked 
| 159|0x0000000713e00000, 0x0000000713e00000, 0x0000000714000000|  0%| F|  |TAMS 0x0000000713e00000, 0x0000000713e00000| Untracked 
| 160|0x0000000714000000, 0x0000000714000000, 0x0000000714200000|  0%| F|  |TAMS 0x0000000714000000, 0x0000000714000000| Untracked 
| 161|0x0000000714200000, 0x0000000714200000, 0x0000000714400000|  0%| F|  |TAMS 0x0000000714200000, 0x0000000714200000| Untracked 
| 162|0x0000000714400000, 0x0000000714400000, 0x0000000714600000|  0%| F|  |TAMS 0x0000000714400000, 0x0000000714400000| Untracked 
| 163|0x0000000714600000, 0x0000000714600000, 0x0000000714800000|  0%| F|  |TAMS 0x0000000714600000, 0x0000000714600000| Untracked 
| 164|0x0000000714800000, 0x0000000714800000, 0x0000000714a00000|  0%| F|  |TAMS 0x0000000714800000, 0x0000000714800000| Untracked 
| 165|0x0000000714a00000, 0x0000000714a00000, 0x0000000714c00000|  0%| F|  |TAMS 0x0000000714a00000, 0x0000000714a00000| Untracked 
| 166|0x0000000714c00000, 0x0000000714c00000, 0x0000000714e00000|  0%| F|  |TAMS 0x0000000714c00000, 0x0000000714c00000| Untracked 
| 167|0x0000000714e00000, 0x0000000714e00000, 0x0000000715000000|  0%| F|  |TAMS 0x0000000714e00000, 0x0000000714e00000| Untracked 
| 168|0x0000000715000000, 0x0000000715000000, 0x0000000715200000|  0%| F|  |TAMS 0x0000000715000000, 0x0000000715000000| Untracked 
| 169|0x0000000715200000, 0x0000000715200000, 0x0000000715400000|  0%| F|  |TAMS 0x0000000715200000, 0x0000000715200000| Untracked 
| 170|0x0000000715400000, 0x0000000715400000, 0x0000000715600000|  0%| F|  |TAMS 0x0000000715400000, 0x0000000715400000| Untracked 
| 171|0x0000000715600000, 0x0000000715600000, 0x0000000715800000|  0%| F|  |TAMS 0x0000000715600000, 0x0000000715600000| Untracked 
| 172|0x0000000715800000, 0x0000000715800000, 0x0000000715a00000|  0%| F|  |TAMS 0x0000000715800000, 0x0000000715800000| Untracked 
| 173|0x0000000715a00000, 0x0000000715a00000, 0x0000000715c00000|  0%| F|  |TAMS 0x0000000715a00000, 0x0000000715a00000| Untracked 
| 174|0x0000000715c00000, 0x0000000715c00000, 0x0000000715e00000|  0%| F|  |TAMS 0x0000000715c00000, 0x0000000715c00000| Untracked 
| 175|0x0000000715e00000, 0x0000000715e00000, 0x0000000716000000|  0%| F|  |TAMS 0x0000000715e00000, 0x0000000715e00000| Untracked 
| 176|0x0000000716000000, 0x0000000716000000, 0x0000000716200000|  0%| F|  |TAMS 0x0000000716000000, 0x0000000716000000| Untracked 
| 177|0x0000000716200000, 0x0000000716200000, 0x0000000716400000|  0%| F|  |TAMS 0x0000000716200000, 0x0000000716200000| Untracked 
| 178|0x0000000716400000, 0x0000000716400000, 0x0000000716600000|  0%| F|  |TAMS 0x0000000716400000, 0x0000000716400000| Untracked 
| 179|0x0000000716600000, 0x0000000716600000, 0x0000000716800000|  0%| F|  |TAMS 0x0000000716600000, 0x0000000716600000| Untracked 
| 180|0x0000000716800000, 0x0000000716800000, 0x0000000716a00000|  0%| F|  |TAMS 0x0000000716800000, 0x0000000716800000| Untracked 
| 181|0x0000000716a00000, 0x0000000716a00000, 0x0000000716c00000|  0%| F|  |TAMS 0x0000000716a00000, 0x0000000716a00000| Untracked 
| 182|0x0000000716c00000, 0x0000000716c00000, 0x0000000716e00000|  0%| F|  |TAMS 0x0000000716c00000, 0x0000000716c00000| Untracked 
| 183|0x0000000716e00000, 0x0000000716e00000, 0x0000000717000000|  0%| F|  |TAMS 0x0000000716e00000, 0x0000000716e00000| Untracked 
| 184|0x0000000717000000, 0x0000000717000000, 0x0000000717200000|  0%| F|  |TAMS 0x0000000717000000, 0x0000000717000000| Untracked 
| 185|0x0000000717200000, 0x0000000717200000, 0x0000000717400000|  0%| F|  |TAMS 0x0000000717200000, 0x0000000717200000| Untracked 
| 186|0x0000000717400000, 0x0000000717400000, 0x0000000717600000|  0%| F|  |TAMS 0x0000000717400000, 0x0000000717400000| Untracked 
| 187|0x0000000717600000, 0x0000000717600000, 0x0000000717800000|  0%| F|  |TAMS 0x0000000717600000, 0x0000000717600000| Untracked 
| 188|0x0000000717800000, 0x0000000717800000, 0x0000000717a00000|  0%| F|  |TAMS 0x0000000717800000, 0x0000000717800000| Untracked 
| 189|0x0000000717a00000, 0x0000000717a00000, 0x0000000717c00000|  0%| F|  |TAMS 0x0000000717a00000, 0x0000000717a00000| Untracked 
| 190|0x0000000717c00000, 0x0000000717c00000, 0x0000000717e00000|  0%| F|  |TAMS 0x0000000717c00000, 0x0000000717c00000| Untracked 
| 191|0x0000000717e00000, 0x0000000717e00000, 0x0000000718000000|  0%| F|  |TAMS 0x0000000717e00000, 0x0000000717e00000| Untracked 
| 192|0x0000000718000000, 0x0000000718000000, 0x0000000718200000|  0%| F|  |TAMS 0x0000000718000000, 0x0000000718000000| Untracked 
| 193|0x0000000718200000, 0x0000000718200000, 0x0000000718400000|  0%| F|  |TAMS 0x0000000718200000, 0x0000000718200000| Untracked 
| 194|0x0000000718400000, 0x0000000718400000, 0x0000000718600000|  0%| F|  |TAMS 0x0000000718400000, 0x0000000718400000| Untracked 
| 195|0x0000000718600000, 0x0000000718600000, 0x0000000718800000|  0%| F|  |TAMS 0x0000000718600000, 0x0000000718600000| Untracked 
| 196|0x0000000718800000, 0x0000000718800000, 0x0000000718a00000|  0%| F|  |TAMS 0x0000000718800000, 0x0000000718800000| Untracked 
| 197|0x0000000718a00000, 0x0000000718a00000, 0x0000000718c00000|  0%| F|  |TAMS 0x0000000718a00000, 0x0000000718a00000| Untracked 
| 198|0x0000000718c00000, 0x0000000718c00000, 0x0000000718e00000|  0%| F|  |TAMS 0x0000000718c00000, 0x0000000718c00000| Untracked 
| 199|0x0000000718e00000, 0x0000000718e00000, 0x0000000719000000|  0%| F|  |TAMS 0x0000000718e00000, 0x0000000718e00000| Untracked 
| 200|0x0000000719000000, 0x0000000719000000, 0x0000000719200000|  0%| F|  |TAMS 0x0000000719000000, 0x0000000719000000| Untracked 
| 201|0x0000000719200000, 0x0000000719200000, 0x0000000719400000|  0%| F|  |TAMS 0x0000000719200000, 0x0000000719200000| Untracked 
| 202|0x0000000719400000, 0x0000000719400000, 0x0000000719600000|  0%| F|  |TAMS 0x0000000719400000, 0x0000000719400000| Untracked 
| 203|0x0000000719600000, 0x0000000719600000, 0x0000000719800000|  0%| F|  |TAMS 0x0000000719600000, 0x0000000719600000| Untracked 
| 204|0x0000000719800000, 0x0000000719800000, 0x0000000719a00000|  0%| F|  |TAMS 0x0000000719800000, 0x0000000719800000| Untracked 
| 205|0x0000000719a00000, 0x0000000719a00000, 0x0000000719c00000|  0%| F|  |TAMS 0x0000000719a00000, 0x0000000719a00000| Untracked 
| 206|0x0000000719c00000, 0x0000000719c00000, 0x0000000719e00000|  0%| F|  |TAMS 0x0000000719c00000, 0x0000000719c00000| Untracked 
| 207|0x0000000719e00000, 0x0000000719e00000, 0x000000071a000000|  0%| F|  |TAMS 0x0000000719e00000, 0x0000000719e00000| Untracked 
| 208|0x000000071a000000, 0x000000071a000000, 0x000000071a200000|  0%| F|  |TAMS 0x000000071a000000, 0x000000071a000000| Untracked 
| 209|0x000000071a200000, 0x000000071a200000, 0x000000071a400000|  0%| F|  |TAMS 0x000000071a200000, 0x000000071a200000| Untracked 
| 210|0x000000071a400000, 0x000000071a400000, 0x000000071a600000|  0%| F|  |TAMS 0x000000071a400000, 0x000000071a400000| Untracked 
| 211|0x000000071a600000, 0x000000071a600000, 0x000000071a800000|  0%| F|  |TAMS 0x000000071a600000, 0x000000071a600000| Untracked 
| 212|0x000000071a800000, 0x000000071a800000, 0x000000071aa00000|  0%| F|  |TAMS 0x000000071a800000, 0x000000071a800000| Untracked 
| 213|0x000000071aa00000, 0x000000071aa00000, 0x000000071ac00000|  0%| F|  |TAMS 0x000000071aa00000, 0x000000071aa00000| Untracked 
| 214|0x000000071ac00000, 0x000000071ac00000, 0x000000071ae00000|  0%| F|  |TAMS 0x000000071ac00000, 0x000000071ac00000| Untracked 
| 215|0x000000071ae00000, 0x000000071ae00000, 0x000000071b000000|  0%| F|  |TAMS 0x000000071ae00000, 0x000000071ae00000| Untracked 
| 216|0x000000071b000000, 0x000000071b000000, 0x000000071b200000|  0%| F|  |TAMS 0x000000071b000000, 0x000000071b000000| Untracked 
| 217|0x000000071b200000, 0x000000071b200000, 0x000000071b400000|  0%| F|  |TAMS 0x000000071b200000, 0x000000071b200000| Untracked 
| 218|0x000000071b400000, 0x000000071b400000, 0x000000071b600000|  0%| F|  |TAMS 0x000000071b400000, 0x000000071b400000| Untracked 
| 219|0x000000071b600000, 0x000000071b600000, 0x000000071b800000|  0%| F|  |TAMS 0x000000071b600000, 0x000000071b600000| Untracked 
| 220|0x000000071b800000, 0x000000071b800000, 0x000000071ba00000|  0%| F|  |TAMS 0x000000071b800000, 0x000000071b800000| Untracked 
| 221|0x000000071ba00000, 0x000000071ba00000, 0x000000071bc00000|  0%| F|  |TAMS 0x000000071ba00000, 0x000000071ba00000| Untracked 
| 222|0x000000071bc00000, 0x000000071bc00000, 0x000000071be00000|  0%| F|  |TAMS 0x000000071bc00000, 0x000000071bc00000| Untracked 
| 223|0x000000071be00000, 0x000000071be00000, 0x000000071c000000|  0%| F|  |TAMS 0x000000071be00000, 0x000000071be00000| Untracked 
| 224|0x000000071c000000, 0x000000071c000000, 0x000000071c200000|  0%| F|  |TAMS 0x000000071c000000, 0x000000071c000000| Untracked 
| 225|0x000000071c200000, 0x000000071c200000, 0x000000071c400000|  0%| F|  |TAMS 0x000000071c200000, 0x000000071c200000| Untracked 
| 226|0x000000071c400000, 0x000000071c400000, 0x000000071c600000|  0%| F|  |TAMS 0x000000071c400000, 0x000000071c400000| Untracked 
| 227|0x000000071c600000, 0x000000071c600000, 0x000000071c800000|  0%| F|  |TAMS 0x000000071c600000, 0x000000071c600000| Untracked 
| 228|0x000000071c800000, 0x000000071c800000, 0x000000071ca00000|  0%| F|  |TAMS 0x000000071c800000, 0x000000071c800000| Untracked 
| 229|0x000000071ca00000, 0x000000071ca00000, 0x000000071cc00000|  0%| F|  |TAMS 0x000000071ca00000, 0x000000071ca00000| Untracked 
| 230|0x000000071cc00000, 0x000000071cc00000, 0x000000071ce00000|  0%| F|  |TAMS 0x000000071cc00000, 0x000000071cc00000| Untracked 
| 231|0x000000071ce00000, 0x000000071ce00000, 0x000000071d000000|  0%| F|  |TAMS 0x000000071ce00000, 0x000000071ce00000| Untracked 
| 232|0x000000071d000000, 0x000000071d000000, 0x000000071d200000|  0%| F|  |TAMS 0x000000071d000000, 0x000000071d000000| Untracked 
| 233|0x000000071d200000, 0x000000071d200000, 0x000000071d400000|  0%| F|  |TAMS 0x000000071d200000, 0x000000071d200000| Untracked 
| 234|0x000000071d400000, 0x000000071d400000, 0x000000071d600000|  0%| F|  |TAMS 0x000000071d400000, 0x000000071d400000| Untracked 
| 294|0x0000000724c00000, 0x0000000724c00000, 0x0000000724e00000|  0%| F|  |TAMS 0x0000000724c00000, 0x0000000724c00000| Untracked 
| 295|0x0000000724e00000, 0x0000000724e00000, 0x0000000725000000|  0%| F|  |TAMS 0x0000000724e00000, 0x0000000724e00000| Untracked 
| 296|0x0000000725000000, 0x0000000725000000, 0x0000000725200000|  0%| F|  |TAMS 0x0000000725000000, 0x0000000725000000| Untracked 
| 297|0x0000000725200000, 0x0000000725200000, 0x0000000725400000|  0%| F|  |TAMS 0x0000000725200000, 0x0000000725200000| Untracked 
| 298|0x0000000725400000, 0x0000000725400000, 0x0000000725600000|  0%| F|  |TAMS 0x0000000725400000, 0x0000000725400000| Untracked 
| 299|0x0000000725600000, 0x0000000725600000, 0x0000000725800000|  0%| F|  |TAMS 0x0000000725600000, 0x0000000725600000| Untracked 

Card table byte_map: [0x000002b27c000000,0x000002b27c800000] _byte_map_base: 0x000002b278800000

Marking Bits (Prev, Next): (CMBitMap*) 0x000002b267da9e70, (CMBitMap*) 0x000002b267da9e30
 Prev Bits: [0x000002b204000000, 0x000002b208000000)
 Next Bits: [0x000002b200000000, 0x000002b204000000)

Polling page: 0x000002b267e00000

Metaspace:

Usage:
  Non-class:     86.81 MB used.
      Class:     11.85 MB used.
       Both:     98.67 MB used.

Virtual space:
  Non-class space:      128.00 MB reserved,      87.12 MB ( 68%) committed,  2 nodes.
      Class space:        1.00 GB reserved,      12.19 MB (  1%) committed,  1 nodes.
             Both:        1.12 GB reserved,      99.31 MB (  9%) committed. 

Chunk freelists:
   Non-Class:  8.12 MB
       Class:  3.86 MB
        Both:  11.98 MB

MaxMetaspaceSize: unlimited
CompressedClassSpaceSize: 1.00 GB
Initial GC threshold: 21.00 MB
Current GC threshold: 137.00 MB
CDS: off
MetaspaceReclaimPolicy: balanced
 - commit_granule_bytes: 65536.
 - commit_granule_words: 8192.
 - virtual_space_node_default_size: 8388608.
 - enlarge_chunks_in_place: 1.
 - new_chunks_are_fully_committed: 0.
 - uncommit_free_chunks: 1.
 - use_allocation_guard: 0.
 - handle_deallocations: 1.


Internal statistics:

num_allocs_failed_limit: 21.
num_arena_births: 782.
num_arena_deaths: 22.
num_vsnodes_births: 3.
num_vsnodes_deaths: 0.
num_space_committed: 1587.
num_space_uncommitted: 0.
num_chunks_returned_to_freelist: 59.
num_chunks_taken_from_freelist: 4188.
num_chunk_merges: 28.
num_chunk_splits: 3139.
num_chunks_enlarged: 2492.
num_inconsistent_stats: 0.

CodeHeap 'non-profiled nmethods': size=120000Kb used=8981Kb max_used=8981Kb free=111018Kb
 bounds [0x000002b273cb0000, 0x000002b274580000, 0x000002b27b1e0000]
CodeHeap 'profiled nmethods': size=120000Kb used=33909Kb max_used=33909Kb free=86091Kb
 bounds [0x000002b26c1e0000, 0x000002b26e300000, 0x000002b273710000]
CodeHeap 'non-nmethods': size=5760Kb used=2432Kb max_used=2499Kb free=3327Kb
 bounds [0x000002b273710000, 0x000002b2739a0000, 0x000002b273cb0000]
 total_blobs=15959 nmethods=14990 adapters=879
 compilation: enabled
              stopped_count=0, restarted_count=0
 full_count=0

Compilation events (20 events):
Event: 172.407 Thread 0x000002b27f682650 nmethod 18508 0x000002b26e2f6890 code [0x000002b26e2f6a60, 0x000002b26e2f6e18]
Event: 172.407 Thread 0x000002b27f682650 18512       3       org.gradle.internal.normalization.java.impl.ApiMemberSelector::isCandidateApiMember (31 bytes)
Event: 172.407 Thread 0x000002b27f682650 nmethod 18512 0x000002b26e2f6f90 code [0x000002b26e2f7140, 0x000002b26e2f7538]
Event: 172.407 Thread 0x000002b27f682650 18513       3       org.gradle.internal.normalization.java.impl.ApiMemberSelector::isPublicMember (13 bytes)
Event: 172.407 Thread 0x000002b27f682650 nmethod 18513 0x000002b26e2f7690 code [0x000002b26e2f7820, 0x000002b26e2f7958]
Event: 172.408 Thread 0x000002b27f682650 18514       3       com.google.common.collect.ImmutableCollection::toArray (67 bytes)
Event: 172.409 Thread 0x000002b27f682650 nmethod 18514 0x000002b26e2f7a10 code [0x000002b26e2f7ca0, 0x000002b26e2f8a08]
Event: 172.410 Thread 0x000002b27f682650 18515       3       org.objectweb.asm.MethodVisitor::visitJumpInsn (17 bytes)
Event: 172.410 Thread 0x000002b27f682650 nmethod 18515 0x000002b26e2f8d90 code [0x000002b26e2f8f40, 0x000002b26e2f9148]
Event: 172.412 Thread 0x000002b27f682650 18518       3       org.gradle.internal.normalization.java.impl.TypedMember::<init> (14 bytes)
Event: 172.413 Thread 0x000002b27f682650 nmethod 18518 0x000002b26e2f9210 code [0x000002b26e2f9440, 0x000002b26e2f9e68]
Event: 172.414 Thread 0x000002b27f682650 18519       1       org.gradle.api.internal.changedetection.state.DefaultZipEntryContext::getEntry (5 bytes)
Event: 172.414 Thread 0x000002b27f682650 nmethod 18519 0x000002b274575490 code [0x000002b274575620, 0x000002b2745756f8]
Event: 172.414 Thread 0x000002b27f682650 18520       3       org.gradle.internal.normalization.java.impl.ApiMemberSelector::visitMethod (81 bytes)
Event: 172.415 Thread 0x000002b27f682650 nmethod 18520 0x000002b26e2fa290 code [0x000002b26e2fa4e0, 0x000002b26e2faf68]
Event: 172.415 Thread 0x000002b27f682650 18521       3       org.objectweb.asm.ClassReader::getClassName (17 bytes)
Event: 172.415 Thread 0x000002b27f682650 nmethod 18521 0x000002b26e2fb290 code [0x000002b26e2fb480, 0x000002b26e2fb908]
Event: 172.417 Thread 0x000002b27f682650 18522       3       org.objectweb.asm.MethodWriter::computeMaxStackAndLocal (420 bytes)
Event: 172.419 Thread 0x000002b27f682650 nmethod 18522 0x000002b26e2fbb10 code [0x000002b26e2fbda0, 0x000002b26e2fcda8]
Event: 172.419 Thread 0x000002b27f682650 18523       3       org.gradle.kotlin.dsl.normalization.KotlinApiMemberWriter::writeMethod (41 bytes)

GC Heap History (20 events):
Event: 102.263 GC heap after
{Heap after GC invocations=90 (full 0):
 garbage-first heap   total 423936K, used 68533K [0x0000000700000000, 0x0000000800000000)
  region size 2048K, 5 young (10240K), 5 survivors (10240K)
 Metaspace       used 51925K, committed 52416K, reserved 1114112K
  class space    used 6718K, committed 6976K, reserved 1048576K
}
Event: 108.119 GC heap before
{Heap before GC invocations=90 (full 0):
 garbage-first heap   total 423936K, used 312245K [0x0000000700000000, 0x0000000800000000)
  region size 2048K, 124 young (253952K), 5 survivors (10240K)
 Metaspace       used 52243K, committed 52736K, reserved 1114112K
  class space    used 6760K, committed 6976K, reserved 1048576K
}
Event: 108.131 GC heap after
{Heap after GC invocations=91 (full 0):
 garbage-first heap   total 423936K, used 70127K [0x0000000700000000, 0x0000000800000000)
  region size 2048K, 5 young (10240K), 5 survivors (10240K)
 Metaspace       used 52243K, committed 52736K, reserved 1114112K
  class space    used 6760K, committed 6976K, reserved 1048576K
}
Event: 108.742 GC heap before
{Heap before GC invocations=91 (full 0):
 garbage-first heap   total 423936K, used 313839K [0x0000000700000000, 0x0000000800000000)
  region size 2048K, 124 young (253952K), 5 survivors (10240K)
 Metaspace       used 52243K, committed 52736K, reserved 1114112K
  class space    used 6760K, committed 6976K, reserved 1048576K
}
Event: 108.755 GC heap after
{Heap after GC invocations=92 (full 0):
 garbage-first heap   total 423936K, used 70468K [0x0000000700000000, 0x0000000800000000)
  region size 2048K, 5 young (10240K), 5 survivors (10240K)
 Metaspace       used 52243K, committed 52736K, reserved 1114112K
  class space    used 6760K, committed 6976K, reserved 1048576K
}
Event: 109.620 GC heap before
{Heap before GC invocations=92 (full 0):
 garbage-first heap   total 423936K, used 314180K [0x0000000700000000, 0x0000000800000000)
  region size 2048K, 124 young (253952K), 5 survivors (10240K)
 Metaspace       used 52245K, committed 52736K, reserved 1114112K
  class space    used 6760K, committed 6976K, reserved 1048576K
}
Event: 109.633 GC heap after
{Heap after GC invocations=93 (full 0):
 garbage-first heap   total 614400K, used 70744K [0x0000000700000000, 0x0000000800000000)
  region size 2048K, 5 young (10240K), 5 survivors (10240K)
 Metaspace       used 52245K, committed 52736K, reserved 1114112K
  class space    used 6760K, committed 6976K, reserved 1048576K
}
Event: 112.287 GC heap before
{Heap before GC invocations=93 (full 0):
 garbage-first heap   total 614400K, used 429144K [0x0000000700000000, 0x0000000800000000)
  region size 2048K, 180 young (368640K), 5 survivors (10240K)
 Metaspace       used 52245K, committed 52736K, reserved 1114112K
  class space    used 6760K, committed 6976K, reserved 1048576K
}
Event: 112.460 GC heap after
{Heap after GC invocations=94 (full 0):
 garbage-first heap   total 614400K, used 71121K [0x0000000700000000, 0x0000000800000000)
  region size 2048K, 5 young (10240K), 5 survivors (10240K)
 Metaspace       used 52245K, committed 52736K, reserved 1114112K
  class space    used 6760K, committed 6976K, reserved 1048576K
}
Event: 113.460 GC heap before
{Heap before GC invocations=94 (full 0):
 garbage-first heap   total 614400K, used 429521K [0x0000000700000000, 0x0000000800000000)
  region size 2048K, 180 young (368640K), 5 survivors (10240K)
 Metaspace       used 52248K, committed 52736K, reserved 1114112K
  class space    used 6760K, committed 6976K, reserved 1048576K
}
Event: 113.565 GC heap after
{Heap after GC invocations=95 (full 0):
 garbage-first heap   total 614400K, used 71965K [0x0000000700000000, 0x0000000800000000)
  region size 2048K, 6 young (12288K), 6 survivors (12288K)
 Metaspace       used 52248K, committed 52736K, reserved 1114112K
  class space    used 6760K, committed 6976K, reserved 1048576K
}
Event: 135.018 GC heap before
{Heap before GC invocations=95 (full 0):
 garbage-first heap   total 614400K, used 432413K [0x0000000700000000, 0x0000000800000000)
  region size 2048K, 180 young (368640K), 6 survivors (12288K)
 Metaspace       used 69973K, committed 70656K, reserved 1114112K
  class space    used 9276K, committed 9600K, reserved 1048576K
}
Event: 135.254 GC heap after
{Heap after GC invocations=96 (full 0):
 garbage-first heap   total 614400K, used 89301K [0x0000000700000000, 0x0000000800000000)
  region size 2048K, 12 young (24576K), 12 survivors (24576K)
 Metaspace       used 69973K, committed 70656K, reserved 1114112K
  class space    used 9276K, committed 9600K, reserved 1048576K
}
Event: 138.127 GC heap before
{Heap before GC invocations=96 (full 0):
 garbage-first heap   total 614400K, used 220373K [0x0000000700000000, 0x0000000800000000)
  region size 2048K, 77 young (157696K), 12 survivors (24576K)
 Metaspace       used 82190K, committed 82816K, reserved 1179648K
  class space    used 10621K, committed 10944K, reserved 1048576K
}
Event: 138.217 GC heap after
{Heap after GC invocations=97 (full 0):
 garbage-first heap   total 614400K, used 96730K [0x0000000700000000, 0x0000000800000000)
  region size 2048K, 15 young (30720K), 15 survivors (30720K)
 Metaspace       used 82190K, committed 82816K, reserved 1179648K
  class space    used 10621K, committed 10944K, reserved 1048576K
}
Event: 144.816 GC heap before
{Heap before GC invocations=98 (full 0):
 garbage-first heap   total 368640K, used 182746K [0x0000000700000000, 0x0000000800000000)
  region size 2048K, 57 young (116736K), 15 survivors (30720K)
 Metaspace       used 88813K, committed 89408K, reserved 1179648K
  class space    used 11214K, committed 11520K, reserved 1048576K
}
Event: 144.979 GC heap after
{Heap after GC invocations=99 (full 0):
 garbage-first heap   total 368640K, used 103523K [0x0000000700000000, 0x0000000800000000)
  region size 2048K, 8 young (16384K), 8 survivors (16384K)
 Metaspace       used 88813K, committed 89408K, reserved 1179648K
  class space    used 11214K, committed 11520K, reserved 1048576K
}
Event: 145.182 GC heap before
{Heap before GC invocations=99 (full 0):
 garbage-first heap   total 368640K, used 105571K [0x0000000700000000, 0x0000000800000000)
  region size 2048K, 9 young (18432K), 8 survivors (16384K)
 Metaspace       used 88959K, committed 89600K, reserved 1179648K
  class space    used 11214K, committed 11520K, reserved 1048576K
}
Event: 145.249 GC heap after
{Heap after GC invocations=100 (full 0):
 garbage-first heap   total 368640K, used 104688K [0x0000000700000000, 0x0000000800000000)
  region size 2048K, 2 young (4096K), 2 survivors (4096K)
 Metaspace       used 88959K, committed 89600K, reserved 1179648K
  class space    used 11214K, committed 11520K, reserved 1048576K
}
Event: 172.420 GC heap before
{Heap before GC invocations=100 (full 0):
 garbage-first heap   total 368640K, used 299248K [0x0000000700000000, 0x0000000800000000)
  region size 2048K, 93 young (190464K), 2 survivors (4096K)
 Metaspace       used 101036K, committed 101696K, reserved 1179648K
  class space    used 12138K, committed 12480K, reserved 1048576K
}

Dll operation events (12 events):
Event: 0.013 Loaded shared library C:\Users\System Bilgisayar\.vscode\extensions\redhat.java-1.38.0-win32-x64\jre\17.0.13-win32-x86_64\bin\java.dll
Event: 0.584 Loaded shared library C:\Users\System Bilgisayar\.vscode\extensions\redhat.java-1.38.0-win32-x64\jre\17.0.13-win32-x86_64\bin\net.dll
Event: 0.588 Loaded shared library C:\Users\System Bilgisayar\.vscode\extensions\redhat.java-1.38.0-win32-x64\jre\17.0.13-win32-x86_64\bin\nio.dll
Event: 0.633 Loaded shared library C:\Users\System Bilgisayar\.vscode\extensions\redhat.java-1.38.0-win32-x64\jre\17.0.13-win32-x86_64\bin\zip.dll
Event: 1.805 Loaded shared library C:\Users\System Bilgisayar\.vscode\extensions\redhat.java-1.38.0-win32-x64\jre\17.0.13-win32-x86_64\bin\jimage.dll
Event: 2.296 Loaded shared library C:\Users\System Bilgisayar\.vscode\extensions\redhat.java-1.38.0-win32-x64\jre\17.0.13-win32-x86_64\bin\verify.dll
Event: 3.253 Loaded shared library C:\Users\System Bilgisayar\.gradle\native\c067742578af261105cb4f569cf0c3c89f3d7b1fecec35dd04571415982c5e48\windows-amd64\native-platform.dll
Event: 8.600 Loaded shared library C:\Users\System Bilgisayar\.gradle\native\38dada09dfb8b06ba9b0570ebf7e218e3eb74d4ef43ca46872605cf95ebc2f47\windows-amd64\native-platform-file-events.dll
Event: 19.105 Loaded shared library C:\Users\System Bilgisayar\.vscode\extensions\redhat.java-1.38.0-win32-x64\jre\17.0.13-win32-x86_64\bin\management.dll
Event: 19.340 Loaded shared library C:\Users\System Bilgisayar\.vscode\extensions\redhat.java-1.38.0-win32-x64\jre\17.0.13-win32-x86_64\bin\management_ext.dll
Event: 21.200 Loaded shared library C:\Users\System Bilgisayar\.vscode\extensions\redhat.java-1.38.0-win32-x64\jre\17.0.13-win32-x86_64\bin\extnet.dll
Event: 21.927 Loaded shared library C:\Users\System Bilgisayar\.vscode\extensions\redhat.java-1.38.0-win32-x64\jre\17.0.13-win32-x86_64\bin\sunmscapi.dll

Deoptimization events (20 events):
Event: 172.376 Thread 0x000002b20d286680 Uncommon trap: trap_request=0xffffff45 fr.pc=0x000002b27411f3c0 relative=0x0000000000000120
Event: 172.376 Thread 0x000002b20d286680 Uncommon trap: reason=unstable_if action=reinterpret pc=0x000002b27411f3c0 method=org.objectweb.asm.MethodVisitor.visitAnnotableParameterCount(IZ)V @ 4 c2
Event: 172.376 Thread 0x000002b20d286680 DEOPT PACKING pc=0x000002b27411f3c0 sp=0x000000c3b8df5a20
Event: 172.376 Thread 0x000002b20d286680 DEOPT UNPACKING pc=0x000002b2737669a3 sp=0x000000c3b8df59a8 mode 2
Event: 172.376 Thread 0x000002b20d286680 Uncommon trap: trap_request=0xffffff45 fr.pc=0x000002b2740f96dc relative=0x00000000000041dc
Event: 172.377 Thread 0x000002b20d286680 Uncommon trap: reason=unstable_if action=reinterpret pc=0x000002b2740f96dc method=org.objectweb.asm.MethodVisitor.visitParameterAnnotation(ILjava/lang/String;Z)Lorg/objectweb/asm/AnnotationVisitor; @ 4 c2
Event: 172.377 Thread 0x000002b20d286680 DEOPT PACKING pc=0x000002b2740f96dc sp=0x000000c3b8df58d0
Event: 172.377 Thread 0x000002b20d286680 DEOPT UNPACKING pc=0x000002b2737669a3 sp=0x000000c3b8df58f0 mode 2
Event: 172.377 Thread 0x000002b20d286680 Uncommon trap: trap_request=0xffffff45 fr.pc=0x000002b273f79118 relative=0x0000000000000ab8
Event: 172.377 Thread 0x000002b20d286680 Uncommon trap: reason=unstable_if action=reinterpret pc=0x000002b273f79118 method=org.objectweb.asm.MethodWriter.computeMethodInfoSize()I @ 427 c2
Event: 172.377 Thread 0x000002b20d286680 DEOPT PACKING pc=0x000002b273f79118 sp=0x000000c3b8df5cf0
Event: 172.377 Thread 0x000002b20d286680 DEOPT UNPACKING pc=0x000002b2737669a3 sp=0x000000c3b8df5c80 mode 2
Event: 172.377 Thread 0x000002b20d286680 Uncommon trap: trap_request=0xffffff45 fr.pc=0x000002b273f8aa54 relative=0x0000000000006594
Event: 172.377 Thread 0x000002b20d286680 Uncommon trap: reason=unstable_if action=reinterpret pc=0x000002b273f8aa54 method=org.objectweb.asm.MethodWriter.putMethodInfo(Lorg/objectweb/asm/ByteVector;)V @ 1082 c2
Event: 172.377 Thread 0x000002b20d286680 DEOPT PACKING pc=0x000002b273f8aa54 sp=0x000000c3b8df5c80
Event: 172.377 Thread 0x000002b20d286680 DEOPT UNPACKING pc=0x000002b2737669a3 sp=0x000000c3b8df5c58 mode 2
Event: 172.390 Thread 0x000002b20d286680 Uncommon trap: trap_request=0xffffff45 fr.pc=0x000002b273ea2dd8 relative=0x00000000000016d8
Event: 172.390 Thread 0x000002b20d286680 Uncommon trap: reason=unstable_if action=reinterpret pc=0x000002b273ea2dd8 method=org.objectweb.asm.MethodVisitor.visitIntInsn(II)V @ 4 c2
Event: 172.390 Thread 0x000002b20d286680 DEOPT PACKING pc=0x000002b273ea2dd8 sp=0x000000c3b8df5670
Event: 172.390 Thread 0x000002b20d286680 DEOPT UNPACKING pc=0x000002b2737669a3 sp=0x000000c3b8df5678 mode 2

Classes loaded (20 events):
Event: 137.155 Loading class java/util/ArrayList$SubList$1
Event: 137.155 Loading class java/util/ArrayList$SubList$1 done
Event: 137.464 Loading class java/util/AbstractList$SubList$1
Event: 137.465 Loading class java/util/AbstractList$SubList$1 done
Event: 137.489 Loading class java/text/StringCharacterIterator
Event: 137.489 Loading class java/text/CharacterIterator
Event: 137.490 Loading class java/text/CharacterIterator done
Event: 137.490 Loading class java/text/StringCharacterIterator done
Event: 139.384 Loading class java/util/AbstractList$RandomAccessSubList
Event: 139.385 Loading class java/util/AbstractList$RandomAccessSubList done
Event: 154.034 Loading class java/util/IdentityHashMap$KeyIterator
Event: 154.035 Loading class java/util/IdentityHashMap$IdentityHashMapIterator
Event: 154.035 Loading class java/util/IdentityHashMap$IdentityHashMapIterator done
Event: 154.035 Loading class java/util/IdentityHashMap$KeyIterator done
Event: 158.849 Loading class java/util/zip/ZipOutputStream
Event: 158.851 Loading class java/util/zip/ZipOutputStream done
Event: 158.918 Loading class java/util/zip/ZipOutputStream$XEntry
Event: 158.918 Loading class java/util/zip/ZipOutputStream$XEntry done
Event: 162.521 Loading class java/util/Vector$Itr
Event: 162.523 Loading class java/util/Vector$Itr done

Classes unloaded (20 events):
Event: 58.761 Thread 0x000002b27f62b1b0 Unloading class 0x00000008005d4530 '_BuildScript_$_run_closure1'
Event: 58.761 Thread 0x000002b27f62b1b0 Unloading class 0x00000008005d4000 '_BuildScript_'
Event: 138.788 Thread 0x000002b27f62b1b0 Unloading class 0x00000008006853e8 '_BuildScript_$_run_closure2'
Event: 138.788 Thread 0x000002b27f62b1b0 Unloading class 0x0000000800685000 '_BuildScript_$_run_closure1$_closure4'
Event: 138.788 Thread 0x000002b27f62b1b0 Unloading class 0x000000080067ac00 '_BuildScript_$_run_closure1$_closure3$_closure5'
Event: 138.788 Thread 0x000002b27f62b1b0 Unloading class 0x0000000800684918 '_BuildScript_$_run_closure1$_closure3'
Event: 138.788 Thread 0x000002b27f62b1b0 Unloading class 0x0000000800684530 '_BuildScript_$_run_closure1'
Event: 138.789 Thread 0x000002b27f62b1b0 Unloading class 0x0000000800684000 '_BuildScript_'
Event: 138.789 Thread 0x000002b27f62b1b0 Unloading class 0x0000000800678800 '_BuildScript_'
Event: 138.789 Thread 0x000002b27f62b1b0 Unloading class 0x0000000800675918 '_BuildScript_$_run_closure1$_closure2'
Event: 138.789 Thread 0x000002b27f62b1b0 Unloading class 0x0000000800675530 '_BuildScript_$_run_closure1'
Event: 138.789 Thread 0x000002b27f62b1b0 Unloading class 0x0000000800675000 '_BuildScript_'
Event: 138.790 Thread 0x000002b27f62b1b0 Unloading class 0x0000000800672000 '_BuildScript_$_run_closure1$_closure2'
Event: 138.790 Thread 0x000002b27f62b1b0 Unloading class 0x0000000800671918 '_BuildScript_$_run_closure1'
Event: 138.790 Thread 0x000002b27f62b1b0 Unloading class 0x00000008006713e8 '_BuildScript_'
Event: 138.790 Thread 0x000002b27f62b1b0 Unloading class 0x0000000800671000 'ProtobufPatchPlugin$_apply_closure1$_closure2$_closure3$_closure4'
Event: 138.790 Thread 0x000002b27f62b1b0 Unloading class 0x0000000800670a98 'ProtobufPatchPlugin$_apply_closure1$_closure2$_closure3'
Event: 138.790 Thread 0x000002b27f62b1b0 Unloading class 0x00000008006706b0 'ProtobufPatchPlugin$_apply_closure1$_closure2'
Event: 138.790 Thread 0x000002b27f62b1b0 Unloading class 0x00000008006702c8 'ProtobufPatchPlugin$_apply_closure1'
Event: 138.790 Thread 0x000002b27f62b1b0 Unloading class 0x0000000800670000 'ProtobufPatchPlugin'

Classes redefined (0 events):
No events

Internal exceptions (20 events):
Event: 136.686 Thread 0x000002b20d286680 Implicit null exception at 0x000002b27435ac93 to 0x000002b27435adf0
Event: 138.281 Thread 0x000002b20d286680 Exception <a 'java/lang/NoSuchMethodError'{0x00000007257ab430}: 'java.lang.Object java.lang.invoke.DirectMethodHandle$Holder.invokeStatic(java.lang.Object, java.lang.Object, java.lang.Object, java.lang.Object, int)'> (0x00000007257ab430) 
thrown [s\src\hotspot\share\interpreter\linkResolver.cpp, line 759]
Event: 138.283 Thread 0x000002b20d286680 Exception <a 'java/lang/NoSuchMethodError'{0x00000007257b6560}: 'java.lang.Object java.lang.invoke.DirectMethodHandle$Holder.newInvokeSpecial(java.lang.Object, java.lang.Object, java.lang.Object, java.lang.Object, int)'> (0x00000007257b6560) 
thrown [s\src\hotspot\share\interpreter\linkResolver.cpp, line 759]
Event: 138.283 Thread 0x000002b20d286680 Exception <a 'java/lang/NoSuchMethodError'{0x00000007257bc878}: 'java.lang.Object java.lang.invoke.DirectMethodHandle$Holder.invokeSpecial(java.lang.Object, java.lang.Object, java.lang.Object, java.lang.Object, java.lang.Object, int)'> (0x00000007257bc878) 
thrown [s\src\hotspot\share\interpreter\linkResolver.cpp, line 759]
Event: 138.284 Thread 0x000002b20d286680 Exception <a 'java/lang/NoSuchMethodError'{0x00000007257c2298}: 'java.lang.Object java.lang.invoke.Invokers$Holder.linkToTargetMethod(java.lang.Object, java.lang.Object, java.lang.Object, int, java.lang.Object)'> (0x00000007257c2298) 
thrown [s\src\hotspot\share\interpreter\linkResolver.cpp, line 759]
Event: 140.064 Thread 0x000002b20d286680 Implicit null exception at 0x000002b2743d08f3 to 0x000002b2743d0f5c
Event: 140.064 Thread 0x000002b20d286680 Implicit null exception at 0x000002b2743d020f to 0x000002b2743d024c
Event: 145.254 Thread 0x000002b20d286680 Implicit null exception at 0x000002b274185cc0 to 0x000002b27418612c
Event: 156.260 Thread 0x000002b20d286680 Exception <a 'java/lang/NoSuchMethodError'{0x000000070d54d268}: 'java.lang.Object java.lang.invoke.DirectMethodHandle$Holder.newInvokeSpecial(java.lang.Object, java.lang.Object, java.lang.Object, java.lang.Object, java.lang.Object, java.lang.Object, int)'> (0x000000070d54d268) 
thrown [s\src\hotspot\share\interpreter\linkResolver.cpp, line 759]
Event: 156.261 Thread 0x000002b20d286680 Exception <a 'java/lang/NoSuchMethodError'{0x000000070d553ca8}: 'java.lang.Object java.lang.invoke.DirectMethodHandle$Holder.invokeSpecial(java.lang.Object, java.lang.Object, java.lang.Object, java.lang.Object, java.lang.Object, java.lang.Object, java.lang.Object, int)'> (0x000000070d553ca8) 
thrown [s\src\hotspot\share\interpreter\linkResolver.cpp, line 759]
Event: 162.634 Thread 0x000002b20d286680 Exception <a 'java/lang/IncompatibleClassChangeError'{0x000000070b348a68}: Found class java.lang.Object, but interface was expected> (0x000000070b348a68) 
thrown [s\src\hotspot\share\interpreter\linkResolver.cpp, line 826]
Event: 172.327 Thread 0x000002b20d286680 Implicit null exception at 0x000002b27405eff0 to 0x000002b27405f160
Event: 172.327 Thread 0x000002b20d286680 Implicit null exception at 0x000002b27405d650 to 0x000002b27405d6f9
Event: 172.328 Thread 0x000002b20d286680 Implicit null exception at 0x000002b273f76920 to 0x000002b273f77994
Event: 172.328 Thread 0x000002b20d286680 Implicit null exception at 0x000002b2740b53b0 to 0x000002b2740b53ec
Event: 172.351 Thread 0x000002b20d286680 Implicit null exception at 0x000002b273ccf7b0 to 0x000002b273ccf7ec
Event: 172.364 Thread 0x000002b20d286680 Implicit null exception at 0x000002b2740ecdd0 to 0x000002b2740eceb4
Event: 172.376 Thread 0x000002b20d286680 Implicit null exception at 0x000002b27411f2d0 to 0x000002b27411f3a5
Event: 172.376 Thread 0x000002b20d286680 Implicit null exception at 0x000002b2740f5544 to 0x000002b2740f96c0
Event: 172.390 Thread 0x000002b20d286680 Implicit null exception at 0x000002b273ea1740 to 0x000002b273ea2dbc

VM Operations (20 events):
Event: 157.312 Executing VM operation: ICBufferFull done
Event: 157.921 Executing VM operation: ICBufferFull
Event: 157.922 Executing VM operation: ICBufferFull done
Event: 158.746 Executing VM operation: HandshakeAllThreads
Event: 158.746 Executing VM operation: HandshakeAllThreads done
Event: 158.803 Executing VM operation: HandshakeAllThreads
Event: 158.804 Executing VM operation: HandshakeAllThreads done
Event: 158.835 Executing VM operation: HandshakeAllThreads
Event: 158.835 Executing VM operation: HandshakeAllThreads done
Event: 159.848 Executing VM operation: Cleanup
Event: 159.848 Executing VM operation: Cleanup done
Event: 161.861 Executing VM operation: Cleanup
Event: 161.861 Executing VM operation: Cleanup done
Event: 162.643 Executing VM operation: HandshakeAllThreads
Event: 162.643 Executing VM operation: HandshakeAllThreads done
Event: 163.650 Executing VM operation: Cleanup
Event: 163.682 Executing VM operation: Cleanup done
Event: 169.715 Executing VM operation: Cleanup
Event: 169.715 Executing VM operation: Cleanup done
Event: 172.420 Executing VM operation: G1CollectForAllocation

Memory protections (0 events):
No events

Nmethod flushes (20 events):
Event: 152.361 Thread 0x000002b27f69e660 flushing  nmethod 0x000002b26de00e90
Event: 152.361 Thread 0x000002b27f69e660 flushing  nmethod 0x000002b26de02390
Event: 156.840 Thread 0x000002b27f69e660 flushing  nmethod 0x000002b2741df290
Event: 156.840 Thread 0x000002b27f69e660 flushing  nmethod 0x000002b27423f090
Event: 156.840 Thread 0x000002b27f69e660 flushing  nmethod 0x000002b2742a6d90
Event: 156.840 Thread 0x000002b27f69e660 flushing  nmethod 0x000002b2742e0090
Event: 156.840 Thread 0x000002b27f69e660 flushing  nmethod 0x000002b2742f7a90
Event: 156.840 Thread 0x000002b27f69e660 flushing  nmethod 0x000002b2742f8290
Event: 156.841 Thread 0x000002b27f69e660 flushing  nmethod 0x000002b27432e910
Event: 156.841 Thread 0x000002b27f69e660 flushing  nmethod 0x000002b274428c90
Event: 156.849 Thread 0x000002b27f69e660 flushing  nmethod 0x000002b26c92d910
Event: 156.850 Thread 0x000002b27f69e660 flushing  nmethod 0x000002b26c9ce310
Event: 156.850 Thread 0x000002b27f69e660 flushing  nmethod 0x000002b26ca40c10
Event: 156.855 Thread 0x000002b27f69e660 flushing  nmethod 0x000002b26cffbf10
Event: 156.855 Thread 0x000002b27f69e660 flushing  nmethod 0x000002b26d022710
Event: 156.858 Thread 0x000002b27f69e660 flushing  nmethod 0x000002b26d365910
Event: 156.858 Thread 0x000002b27f69e660 flushing  nmethod 0x000002b26d401a90
Event: 156.860 Thread 0x000002b27f69e660 flushing  nmethod 0x000002b26d576190
Event: 156.860 Thread 0x000002b27f69e660 flushing  nmethod 0x000002b26d5ef890
Event: 156.860 Thread 0x000002b27f69e660 flushing  nmethod 0x000002b26d613210

Events (20 events):
Event: 22.219 Thread 0x000002b20d286680 Thread added: 0x000002b20d287fd0
Event: 22.226 Thread 0x000002b20d286680 Thread added: 0x000002b20d289e30
Event: 22.253 Thread 0x000002b20d286680 Thread added: 0x000002b20d286b90
Event: 22.633 Thread 0x000002b20d286680 Thread added: 0x000002b20d2889f0
Event: 22.722 Thread 0x000002b20d286680 Thread added: 0x000002b20d287ac0
Event: 23.669 Thread 0x000002b20d286680 Thread added: 0x000002b20d289920
Event: 50.316 Thread 0x000002b20d286680 Thread added: 0x000002b20d2875b0
Event: 50.329 Thread 0x000002b20d286680 Thread added: 0x000002b20d2884e0
Event: 50.979 Thread 0x000002b20d286680 Thread added: 0x000002b20d288f00
Event: 50.979 Thread 0x000002b20d286680 Thread added: 0x000002b20df3c620
Event: 50.979 Thread 0x000002b20d286680 Thread added: 0x000002b20df42650
Event: 52.591 Thread 0x000002b20d286680 Thread added: 0x000002b20df3d040
Event: 52.650 Thread 0x000002b20d286680 Thread added: 0x000002b20df407f0
Event: 52.713 Thread 0x000002b20d286680 Thread added: 0x000002b20df41c30
Event: 53.022 Thread 0x000002b20d286680 Thread added: 0x000002b20df3f3b0
Event: 53.081 Thread 0x000002b20d286680 Thread added: 0x000002b20df3da60
Event: 53.447 Thread 0x000002b20d286680 Thread added: 0x000002b20df3e990
Event: 56.321 Thread 0x000002b20d286680 Thread added: 0x000002b20df3e480
Event: 65.134 Thread 0x000002b20d286680 Thread added: 0x000002b20df3cb30
Event: 82.305 Thread 0x000002b20d289e30 Thread exited: 0x000002b20d289e30


Dynamic libraries:
0x00007ff7f9870000 - 0x00007ff7f987e000 	C:\Users\System Bilgisayar\.vscode\extensions\redhat.java-1.38.0-win32-x64\jre\17.0.13-win32-x86_64\bin\java.exe
0x00007ffe8ae30000 - 0x00007ffe8b028000 	C:\WINDOWS\SYSTEM32\ntdll.dll
0x00007ffe8a200000 - 0x00007ffe8a2c2000 	C:\WINDOWS\System32\KERNEL32.DLL
0x00007ffe88b50000 - 0x00007ffe88e4e000 	C:\WINDOWS\System32\KERNELBASE.dll
0x00007ffe88a20000 - 0x00007ffe88b20000 	C:\WINDOWS\System32\ucrtbase.dll
0x00007ffe7ec00000 - 0x00007ffe7ec17000 	C:\Users\System Bilgisayar\.vscode\extensions\redhat.java-1.38.0-win32-x64\jre\17.0.13-win32-x86_64\bin\jli.dll
0x00007ffe89bb0000 - 0x00007ffe89d4d000 	C:\WINDOWS\System32\USER32.dll
0x00007ffe88b20000 - 0x00007ffe88b42000 	C:\WINDOWS\System32\win32u.dll
0x00007ffe89db0000 - 0x00007ffe89ddb000 	C:\WINDOWS\System32\GDI32.dll
0x00007ffe887a0000 - 0x00007ffe888b7000 	C:\WINDOWS\System32\gdi32full.dll
0x00007ffe88590000 - 0x00007ffe8862d000 	C:\WINDOWS\System32\msvcp_win.dll
0x00007ffe77680000 - 0x00007ffe7769e000 	C:\Users\System Bilgisayar\.vscode\extensions\redhat.java-1.38.0-win32-x64\jre\17.0.13-win32-x86_64\bin\VCRUNTIME140.dll
0x00007ffe6fd90000 - 0x00007ffe7002a000 	C:\WINDOWS\WinSxS\amd64_microsoft.windows.common-controls_6595b64144ccf1df_6.0.19041.4355_none_60b8b9eb71f62e16\COMCTL32.dll
0x00007ffe89090000 - 0x00007ffe8912e000 	C:\WINDOWS\System32\msvcrt.dll
0x00007ffe89ee0000 - 0x00007ffe89f0f000 	C:\WINDOWS\System32\IMM32.DLL
0x00007ffe81d50000 - 0x00007ffe81d5c000 	C:\Users\System Bilgisayar\.vscode\extensions\redhat.java-1.38.0-win32-x64\jre\17.0.13-win32-x86_64\bin\vcruntime140_1.dll
0x00007ffe57b60000 - 0x00007ffe57bed000 	C:\Users\System Bilgisayar\.vscode\extensions\redhat.java-1.38.0-win32-x64\jre\17.0.13-win32-x86_64\bin\msvcp140.dll
0x00007ffe2b580000 - 0x00007ffe2c1eb000 	C:\Users\System Bilgisayar\.vscode\extensions\redhat.java-1.38.0-win32-x64\jre\17.0.13-win32-x86_64\bin\server\jvm.dll
0x00007ffe8aca0000 - 0x00007ffe8ad51000 	C:\WINDOWS\System32\ADVAPI32.dll
0x00007ffe89de0000 - 0x00007ffe89e7f000 	C:\WINDOWS\System32\sechost.dll
0x00007ffe8ab50000 - 0x00007ffe8ac73000 	C:\WINDOWS\System32\RPCRT4.dll
0x00007ffe886c0000 - 0x00007ffe886e7000 	C:\WINDOWS\System32\bcrypt.dll
0x00007ffe89b40000 - 0x00007ffe89bab000 	C:\WINDOWS\System32\WS2_32.dll
0x00007ffe87a60000 - 0x00007ffe87aab000 	C:\WINDOWS\SYSTEM32\POWRPROF.dll
0x00007ffe70130000 - 0x00007ffe70157000 	C:\WINDOWS\SYSTEM32\WINMM.dll
0x00007ffe7e500000 - 0x00007ffe7e50a000 	C:\WINDOWS\SYSTEM32\VERSION.dll
0x00007ffe878d0000 - 0x00007ffe878e2000 	C:\WINDOWS\SYSTEM32\UMPDC.dll
0x00007ffe86cf0000 - 0x00007ffe86d02000 	C:\WINDOWS\SYSTEM32\kernel.appcore.dll
0x00007ffe7e0f0000 - 0x00007ffe7e0fa000 	C:\Users\System Bilgisayar\.vscode\extensions\redhat.java-1.38.0-win32-x64\jre\17.0.13-win32-x86_64\bin\jimage.dll
0x00007ffe86250000 - 0x00007ffe86434000 	C:\WINDOWS\SYSTEM32\DBGHELP.DLL
0x00007ffe7e4c0000 - 0x00007ffe7e4f4000 	C:\WINDOWS\SYSTEM32\dbgcore.DLL
0x00007ffe88630000 - 0x00007ffe886b2000 	C:\WINDOWS\System32\bcryptPrimitives.dll
0x00007ffe6b500000 - 0x00007ffe6b525000 	C:\Users\System Bilgisayar\.vscode\extensions\redhat.java-1.38.0-win32-x64\jre\17.0.13-win32-x86_64\bin\java.dll
0x00007ffe73c00000 - 0x00007ffe73c18000 	C:\Users\System Bilgisayar\.vscode\extensions\redhat.java-1.38.0-win32-x64\jre\17.0.13-win32-x86_64\bin\zip.dll
0x00007ffe89260000 - 0x00007ffe899cd000 	C:\WINDOWS\System32\SHELL32.dll
0x00007ffe86530000 - 0x00007ffe86cd4000 	C:\WINDOWS\SYSTEM32\windows.storage.dll
0x00007ffe8a7f0000 - 0x00007ffe8ab43000 	C:\WINDOWS\System32\combase.dll
0x00007ffe87f00000 - 0x00007ffe87f2e000 	C:\WINDOWS\SYSTEM32\Wldp.dll
0x00007ffe89190000 - 0x00007ffe8925d000 	C:\WINDOWS\System32\OLEAUT32.dll
0x00007ffe8a740000 - 0x00007ffe8a7ed000 	C:\WINDOWS\System32\SHCORE.dll
0x00007ffe89d50000 - 0x00007ffe89da5000 	C:\WINDOWS\System32\shlwapi.dll
0x00007ffe88400000 - 0x00007ffe88424000 	C:\WINDOWS\SYSTEM32\profapi.dll
0x00007ffe72af0000 - 0x00007ffe72b09000 	C:\Users\System Bilgisayar\.vscode\extensions\redhat.java-1.38.0-win32-x64\jre\17.0.13-win32-x86_64\bin\net.dll
0x00007ffe818f0000 - 0x00007ffe819fd000 	C:\WINDOWS\SYSTEM32\WINHTTP.dll
0x00007ffe87c60000 - 0x00007ffe87cca000 	C:\WINDOWS\system32\mswsock.dll
0x00007ffe71540000 - 0x00007ffe71556000 	C:\Users\System Bilgisayar\.vscode\extensions\redhat.java-1.38.0-win32-x64\jre\17.0.13-win32-x86_64\bin\nio.dll
0x00007ffe81540000 - 0x00007ffe81550000 	C:\Users\System Bilgisayar\.vscode\extensions\redhat.java-1.38.0-win32-x64\jre\17.0.13-win32-x86_64\bin\verify.dll
0x00007ffe6f4c0000 - 0x00007ffe6f4e7000 	C:\Users\System Bilgisayar\.gradle\native\c067742578af261105cb4f569cf0c3c89f3d7b1fecec35dd04571415982c5e48\windows-amd64\native-platform.dll
0x00007ffe68820000 - 0x00007ffe68964000 	C:\Users\System Bilgisayar\.gradle\native\38dada09dfb8b06ba9b0570ebf7e218e3eb74d4ef43ca46872605cf95ebc2f47\windows-amd64\native-platform-file-events.dll
0x00007ffe7c780000 - 0x00007ffe7c78a000 	C:\Users\System Bilgisayar\.vscode\extensions\redhat.java-1.38.0-win32-x64\jre\17.0.13-win32-x86_64\bin\management.dll
0x00007ffe7b230000 - 0x00007ffe7b23b000 	C:\Users\System Bilgisayar\.vscode\extensions\redhat.java-1.38.0-win32-x64\jre\17.0.13-win32-x86_64\bin\management_ext.dll
0x00007ffe8a1f0000 - 0x00007ffe8a1f8000 	C:\WINDOWS\System32\PSAPI.DLL
0x00007ffe87e50000 - 0x00007ffe87e68000 	C:\WINDOWS\SYSTEM32\CRYPTSP.dll
0x00007ffe87510000 - 0x00007ffe87544000 	C:\WINDOWS\system32\rsaenh.dll
0x00007ffe88380000 - 0x00007ffe883ae000 	C:\WINDOWS\SYSTEM32\USERENV.dll
0x00007ffe87e70000 - 0x00007ffe87e7c000 	C:\WINDOWS\SYSTEM32\CRYPTBASE.dll
0x00007ffe878f0000 - 0x00007ffe8792b000 	C:\WINDOWS\SYSTEM32\IPHLPAPI.DLL
0x00007ffe89a50000 - 0x00007ffe89a58000 	C:\WINDOWS\System32\NSI.dll
0x00007ffe7f0a0000 - 0x00007ffe7f0b7000 	C:\WINDOWS\SYSTEM32\dhcpcsvc6.DLL
0x00007ffe7f350000 - 0x00007ffe7f36d000 	C:\WINDOWS\SYSTEM32\dhcpcsvc.DLL
0x00007ffe87930000 - 0x00007ffe879fa000 	C:\WINDOWS\SYSTEM32\DNSAPI.dll
0x00007ffe73070000 - 0x00007ffe73079000 	C:\Users\System Bilgisayar\.vscode\extensions\redhat.java-1.38.0-win32-x64\jre\17.0.13-win32-x86_64\bin\extnet.dll
0x00007ffe7ab50000 - 0x00007ffe7ab5e000 	C:\Users\System Bilgisayar\.vscode\extensions\redhat.java-1.38.0-win32-x64\jre\17.0.13-win32-x86_64\bin\sunmscapi.dll
0x00007ffe888c0000 - 0x00007ffe88a1c000 	C:\WINDOWS\System32\CRYPT32.dll
0x00007ffe87f70000 - 0x00007ffe87f97000 	C:\WINDOWS\SYSTEM32\ncrypt.dll
0x00007ffe87f30000 - 0x00007ffe87f6b000 	C:\WINDOWS\SYSTEM32\NTASN1.dll
0x00007ffe73840000 - 0x00007ffe73847000 	C:\WINDOWS\system32\wshunix.dll
0x00007ffe87760000 - 0x00007ffe87793000 	C:\WINDOWS\SYSTEM32\ntmarta.dll

dbghelp: loaded successfully - version: 4.0.5 - missing functions: none
symbol engine: initialized successfully - sym options: 0x614 - pdb path: .;C:\Users\System Bilgisayar\.vscode\extensions\redhat.java-1.38.0-win32-x64\jre\17.0.13-win32-x86_64\bin;C:\WINDOWS\SYSTEM32;C:\WINDOWS\WinSxS\amd64_microsoft.windows.common-controls_6595b64144ccf1df_6.0.19041.4355_none_60b8b9eb71f62e16;C:\Users\System Bilgisayar\.vscode\extensions\redhat.java-1.38.0-win32-x64\jre\17.0.13-win32-x86_64\bin\server;C:\Users\System Bilgisayar\.gradle\native\c067742578af261105cb4f569cf0c3c89f3d7b1fecec35dd04571415982c5e48\windows-amd64;C:\Users\System Bilgisayar\.gradle\native\38dada09dfb8b06ba9b0570ebf7e218e3eb74d4ef43ca46872605cf95ebc2f47\windows-amd64

VM Arguments:
jvm_args: --add-opens=java.base/java.util=ALL-UNNAMED --add-opens=java.base/java.lang=ALL-UNNAMED --add-opens=java.base/java.lang.invoke=ALL-UNNAMED --add-opens=java.prefs/java.util.prefs=ALL-UNNAMED --add-opens=java.base/java.nio.charset=ALL-UNNAMED --add-opens=java.base/java.net=ALL-UNNAMED --add-opens=java.base/java.util.concurrent.atomic=ALL-UNNAMED -Xmx4G -Dfile.encoding=utf8 -Duser.country=TR -Duser.language=tr -Duser.variant 
java_command: org.gradle.launcher.daemon.bootstrap.GradleDaemon 7.6.3
java_class_path (initial): C:\Users\System Bilgisayar\.gradle\wrapper\dists\gradle-7.6.3-all\aocdy2d2z8kodnny3rsumj8i8\gradle-7.6.3\lib\gradle-launcher-7.6.3.jar
Launcher Type: SUN_STANDARD

[Global flags]
     intx CICompilerCount                          = 3                                         {product} {ergonomic}
     uint ConcGCThreads                            = 1                                         {product} {ergonomic}
     uint G1ConcRefinementThreads                  = 4                                         {product} {ergonomic}
   size_t G1HeapRegionSize                         = 2097152                                   {product} {ergonomic}
    uintx GCDrainStackTargetSize                   = 64                                        {product} {ergonomic}
   size_t InitialHeapSize                          = 56623104                                  {product} {ergonomic}
   size_t MarkStackSize                            = 4194304                                   {product} {ergonomic}
   size_t MaxHeapSize                              = 4294967296                                {product} {command line}
   size_t MaxNewSize                               = 2575302656                                {product} {ergonomic}
   size_t MinHeapDeltaBytes                        = 2097152                                   {product} {ergonomic}
   size_t MinHeapSize                              = 8388608                                   {product} {ergonomic}
    uintx NonNMethodCodeHeapSize                   = 5832780                                {pd product} {ergonomic}
    uintx NonProfiledCodeHeapSize                  = 122912730                              {pd product} {ergonomic}
    uintx ProfiledCodeHeapSize                     = 122912730                              {pd product} {ergonomic}
    uintx ReservedCodeCacheSize                    = 251658240                              {pd product} {ergonomic}
     bool SegmentedCodeCache                       = true                                      {product} {ergonomic}
   size_t SoftMaxHeapSize                          = 4294967296                             {manageable} {ergonomic}
     bool UseCompressedClassPointers               = true                           {product lp64_product} {ergonomic}
     bool UseCompressedOops                        = true                           {product lp64_product} {ergonomic}
     bool UseG1GC                                  = true                                      {product} {ergonomic}
     bool UseLargePagesIndividualAllocation        = false                                  {pd product} {ergonomic}

Logging:
Log output configuration:
 #0: stdout all=warning uptime,level,tags
 #1: stderr all=off uptime,level,tags

Environment Variables:
JAVA_HOME=C:\Program Files\Java\jdk-23
PATH=C:\Program Files\flutter\bin;C:\Windows\system32;C:\Windows;C:\Windows\System32\Wbem;C:\Windows\System32\WindowsPowerShell\v1.0\;C:\Windows\System32\OpenSSH\;C:\Program Files\Microsoft SQL Server\150\Tools\Binn\;C:\WINDOWS\system32;C:\WINDOWS;C:\WINDOWS\System32\Wbem;C:\WINDOWS\System32\WindowsPowerShell\v1.0\;C:\WINDOWS\System32\OpenSSH\;C:\Program Files (x86)\Git\cmd;C:\Program Files\Java\jdk-23;C:\Users\System Bilgisayar\AppData\Local\Programs\Python\Python313\Scripts\;C:\Users\System Bilgisayar\AppData\Local\Programs\Python\Python313\;C:\Program Files\MySQL\MySQL Shell 8.0\bin\;E:\Anaconda;C:\Program Files\flutter\bin;E: \Anaconda\Library\mingw-64\bin;E:\Anaconda\Library\usr\bin;E:\Anaconda\Library\bin;E:\Anaconda\Scripts;C:\Users\System Bilgisayar\AppData\Local\Microsoft\WindowsApps;C:\Program Files\JetBrains\IntelliJ IDEA Community Edition 2022.2.3\bin;;C:\Users\System Bilgisayar\AppData\Local\Programs\Microsoft VS Code\bin;C:\Program Files\Git\bin\;
USERNAME=System Bilgisayar
OS=Windows_NT
PROCESSOR_IDENTIFIER=Intel64 Family 6 Model 142 Stepping 9, GenuineIntel
TMP=C:\Users\SYSTEM~1\AppData\Local\Temp
TEMP=C:\Users\SYSTEM~1\AppData\Local\Temp



Periodic native trim disabled


---------------  S Y S T E M  ---------------

OS:
 Windows 10 , 64 bit Build 19041 (10.0.19041.5198)
OS uptime: 3 days 1:38 hours

CPU: total 4 (initial active 4) (2 cores per cpu, 2 threads per core) family 6 model 142 stepping 9 microcode 0xb4, cx8, cmov, fxsr, ht, mmx, 3dnowpref, sse, sse2, sse3, ssse3, sse4.1, sse4.2, popcnt, lzcnt, tsc, tscinvbit, avx, avx2, aes, erms, clmul, bmi1, bmi2, adx, fma, vzeroupper, clflush, clflushopt
Processor Information for all 4 processors :
  Max Mhz: 2712, Current Mhz: 2511, Mhz Limit: 2495

Memory: 4k page, system-wide physical 3345M (95M free)
TotalPageFile size 13585M (AvailPageFile size 2M)
current process WorkingSet (physical memory assigned to process): 491M, peak: 497M
current process commit charge ("private bytes"): 894M, peak: 896M

vm_info: OpenJDK 64-Bit Server VM (17.0.13+11) for windows-amd64 JRE (17.0.13+11), built on Oct 16 2024 00:10:08 by "admin" with MS VC++ 17.7 (VS2022)

END.
